[19-02-20 13:54:46]: {"step":0,"load_imbalance": 147.626,"skewness": 0.749909,"loads": [0.00896961, 0.00879159, 0.00905632, 0.0435817],"slopes":[0, 0, 0, 0]}
[19-02-20 13:54:46]: {"step":1,"load_imbalance": 147.405,"skewness": 0.7499,"loads": [0.0089643, 0.00876137, 0.0090319, 0.0433825],"slopes":[-5.30481e-06, -3.02168e-05, -2.44225e-05, -0.000199248]}
[19-02-20 13:54:47]: {"step":2,"load_imbalance": 147.811,"skewness": 0.749907,"loads": [0.00893103, 0.00874914, 0.00901546, 0.043469],"slopes":[-1.9287e-05, -2.12253e-05, -2.04295e-05, -5.63741e-05]}
[19-02-20 13:54:47]: {"step":3,"load_imbalance": 147.707,"skewness": 0.749906,"loads": [0.00894099, 0.00875576, 0.00902266, 0.0434594],"slopes":[-1.19117e-05, -1.19726e-05, -1.17426e-05, -2.80574e-05]}
[19-02-20 13:54:47]: {"step":4,"load_imbalance": 147.036,"skewness": 0.749905,"loads": [0.00896804, 0.0087842, 0.00905095, 0.0432872],"slopes":[-2.64524e-06, -2.03839e-06, -1.99815e-06, -5.12218e-05]}
[19-02-20 13:54:47]: {"step":5,"load_imbalance": 147.427,"skewness": 0.7499,"loads": [0.00892652, 0.00873639, 0.00901063, 0.0432564],"slopes":[-5.55152e-06, -5.73869e-06, -4.68821e-06, -5.49231e-05]}
[19-02-20 13:54:47]: {"step":6,"load_imbalance": 146.902,"skewness": 0.7499,"loads": [0.00898867, 0.00879697, 0.00907044, 0.043311],"slopes":[6.64898e-07, 4.48199e-08, 1.26148e-06, -4.45099e-05]}
[19-02-20 13:54:47]: {"step":7,"load_imbalance": 147.497,"skewness": 0.749906,"loads": [0.00907621, 0.00889202, 0.00916276, 0.0440307],"slopes":[1.04945e-05, 1.03719e-05, 1.13282e-05, 2.35118e-05]}
[19-02-20 13:54:47]: {"step":8,"load_imbalance": 147.464,"skewness": 0.749902,"loads": [0.00892793, 0.0087424, 0.00901512, 0.0432925],"slopes":[4.49708e-06, 4.52524e-06, 5.42857e-06, 4.4735e-06]}
[19-02-20 13:54:47]: {"step":9,"load_imbalance": 144.567,"skewness": 0.749892,"loads": [0.00931906, 0.00911668, 0.00940106, 0.0437999],"slopes":[2.25326e-05, 2.17169e-05, 2.31799e-05, 2.22188e-05]}
[19-02-20 13:54:48]: {"step":10,"load_imbalance": 147.505,"skewness": 0.749899,"loads": [0.00894742, 0.0087593, 0.00903591, 0.0434045],"slopes":[1.44533e-05, 1.38624e-05, 1.52111e-05, 1.29126e-05]}
[19-02-20 13:54:48]: {"step":11,"load_imbalance": 147.843,"skewness": 0.749901,"loads": [0.0089313, 0.00874454, 0.0090195, 0.0434829],"slopes":[8.61634e-06, 8.23004e-06, 9.39767e-06, 1.00645e-05]}
[19-02-20 13:54:48]: {"step":12,"load_imbalance": 147.252,"skewness": 0.749903,"loads": [0.00895159, 0.00876765, 0.00903831, 0.0433122],"slopes":[5.47322e-06, 5.31656e-06, 6.19419e-06, 2.38367e-06]}
[19-02-20 13:54:48]: {"step":13,"load_imbalance": 147.442,"skewness": 0.749893,"loads": [0.00895398, 0.00875911, 0.0090434, 0.0433978],"slopes":[3.40938e-06, 3.08944e-06, 4.14919e-06, -6.70501e-08]}
[19-02-20 13:54:48]: {"step":14,"load_imbalance": 147.465,"skewness": 0.749891,"loads": [0.00893865, 0.00873748, 0.00902318, 0.0433154],"slopes":[1.59946e-06, 1.0237e-06, 2.21075e-06, -3.71942e-06]}
[19-02-20 13:54:48]: {"step":15,"load_imbalance": 147.478,"skewness": 0.749858,"loads": [0.00900257, 0.00877147, 0.00909934, 0.0436042],"slopes":[1.76316e-06, 3.68676e-07, 2.54478e-06, 2.90431e-07]}
[19-02-20 13:54:48]: {"step":16,"load_imbalance": 147.086,"skewness": 0.749861,"loads": [0.00904506, 0.00880695, 0.00912804, 0.0435956],"slopes":[2.67411e-06, 6.07645e-07, 3.28694e-06, 2.86838e-06]}
[19-02-20 13:54:48]: {"step":17,"load_imbalance": 146.686,"skewness": 0.749895,"loads": [0.00903966, 0.00884466, 0.00912567, 0.0434598],"slopes":[3.17161e-06, 1.42624e-06, 3.70844e-06, 2.24417e-06]}
[19-02-20 13:54:49]: {"step":18,"load_imbalance": 149.954,"skewness": 0.749899,"loads": [0.0089371, 0.00874142, 0.00902653, 0.0444868],"slopes":[1.85827e-06, 3.59543e-07, 2.38635e-06, 1.79776e-05]}
[19-02-20 13:54:49]: {"step":19,"load_imbalance": 147.409,"skewness": 0.749888,"loads": [0.0089377, 0.00874045, 0.00903217, 0.0433079],"slopes":[8.83517e-07, -4.36628e-07, 1.46956e-06, 1.23418e-05]}
[19-02-20 13:54:49]: {"step":20,"load_imbalance": 146.791,"skewness": 0.749891,"loads": [0.00921311, 0.0090125, 0.00930513, 0.044347],"slopes":[3.90317e-06, 2.76766e-06, 4.59849e-06, 2.53753e-05]}
[19-02-20 13:54:49]: {"step":21,"load_imbalance": 0.497725,"skewness": -0.371737,"loads": [0.0114095, 0.0113466, 0.0112674, 0.0114165],"slopes":[0, 0, 0, 0]}
[19-02-20 13:54:49]: {"step":22,"load_imbalance": 0.428349,"skewness": -0.439947,"loads": [0.0115146, 0.0114594, 0.0113834, 0.0115045],"slopes":[0.000105155, 0.000112872, 0.000116022, 8.79723e-05]}
[19-02-20 13:54:49]: {"step":23,"load_imbalance": 1.64947,"skewness": 0.481177,"loads": [0.0116851, 0.011446, 0.0113697, 0.0114811],"slopes":[0.000137836, 4.97352e-05, 5.11629e-05, 3.23076e-05]}
[19-02-20 13:54:49]: {"step":24,"load_imbalance": 0.418015,"skewness": -0.509439,"loads": [0.0113787, 0.0113317, 0.0112506, 0.0113645],"slopes":[7.83731e-06, -5.81513e-06, -6.40131e-06, -1.79572e-05]}
[19-02-20 13:54:49]: {"step":25,"load_imbalance": 0.470521,"skewness": -0.608603,"loads": [0.0116216, 0.011582, 0.0114707, 0.0115945],"slopes":[2.88466e-05, 3.42986e-05, 2.73858e-05, 2.15832e-05]}
[19-02-20 13:54:49]: {"step":26,"load_imbalance": 0.383121,"skewness": -0.639837,"loads": [0.0113907, 0.011359, 0.0112628, 0.0113763],"slopes":[-2.26699e-06, 9.0054e-06, 3.42395e-06, -1.37261e-06]}
[19-02-20 13:54:49]: {"step":27,"load_imbalance": 2.13708,"skewness": 0.604385,"loads": [0.0116996, 0.0113955, 0.0113141, 0.0114101],"slopes":[1.99692e-05, 2.92485e-06, -8.66463e-09, -5.80028e-06]}
[19-02-20 13:54:50]: {"step":28,"load_imbalance": 2.12962,"skewness": 0.57224,"loads": [0.011655, 0.0113612, 0.0112652, 0.0113665],"slopes":[2.38522e-05, -2.71277e-06, -5.51142e-06, -1.07934e-05]}
[19-02-20 13:54:50]: {"step":29,"load_imbalance": 0.339168,"skewness": -0.740487,"loads": [0.0118438, 0.0118474, 0.0117019, 0.0118363],"slopes":[3.66566e-05, 2.72481e-05, 2.14004e-05, 1.89157e-05]}
[19-02-20 13:54:50]: {"step":30,"load_imbalance": 0.310974,"skewness": -0.724198,"loads": [0.0113719, 0.0113575, 0.0112462, 0.011371],"slopes":[1.54389e-05, 1.42936e-05, 9.08049e-06, 7.6275e-06]}
[19-02-20 13:54:50]: {"step":31,"load_imbalance": 0.29228,"skewness": -0.740775,"loads": [0.0114387, 0.0114319, 0.0113188, 0.0114409],"slopes":[6.20092e-06, 9.9621e-06, 5.24447e-06, 4.30258e-06]}
[19-02-20 13:54:50]: {"step":32,"load_imbalance": 1.67902,"skewness": 0.441199,"loads": [0.0115804, 0.0113599, 0.0112549, 0.0113614],"slopes":[6.08013e-06, 4.30846e-06, 3.72974e-07, -8.3996e-07]}
[19-02-20 13:54:50]: {"step":33,"load_imbalance": 0.276798,"skewness": -0.747777,"loads": [0.011364, 0.011361, 0.0112458, 0.0113596],"slopes":[-1.32626e-06, 7.86847e-07, -2.88174e-06, -3.97854e-06]}
[19-02-20 13:54:50]: {"step":34,"load_imbalance": 0.31628,"skewness": -0.740544,"loads": [0.0115331, 0.0115231, 0.0114002, 0.0115304],"slopes":[-1.11343e-06, 3.18183e-06, -4.34515e-07, -9.58962e-07]}
[19-02-20 13:54:50]: {"step":35,"load_imbalance": 1.75888,"skewness": 0.454216,"loads": [0.0117425, 0.0115111, 0.0113989, 0.0115056],"slopes":[4.2878e-06, 4.35767e-06, 1.13372e-06, 4.07194e-07]}
[19-02-20 13:54:50]: {"step":36,"load_imbalance": 1.66891,"skewness": 0.213174,"loads": [0.0118025, 0.0118828, 0.0116934, 0.0120568],"slopes":[9.13207e-06, 1.32477e-05, 8.65523e-06, 1.34714e-05]}
[19-02-20 13:54:50]: {"step":37,"load_imbalance": 0.443585,"skewness": -0.305874,"loads": [0.0114868, 0.011433, 0.0113707, 0.0114536],"slopes":[6.0863e-06, 1.02709e-05, 7.32012e-06, 1.03458e-05]}
[19-02-20 13:54:51]: {"step":38,"load_imbalance": 0.381382,"skewness": -0.695119,"loads": [0.0113636, 0.01138, 0.0112459, 0.0113575],"slopes":[1.68183e-06, 7.07124e-06, 4.06512e-06, 6.28494e-06]}
[19-02-20 13:54:51]: {"step":39,"load_imbalance": 0.330444,"skewness": -0.719949,"loads": [0.0116462, 0.0116546, 0.0115266, 0.0116375],"slopes":[2.96392e-06, 9.00544e-06, 6.1029e-06, 7.7007e-06]}
[19-02-20 13:54:51]: {"step":40,"load_imbalance": 1.79384,"skewness": 0.400313,"loads": [0.011653, 0.0114214, 0.0112977, 0.0114185],"slopes":[3.95326e-06, 6.95442e-06, 4.23076e-06, 5.49239e-06]}
[19-02-20 13:54:51]: {"step":41,"load_imbalance": 11.7775,"skewness": -0.568077,"loads": [0.0127653, 0.00909279, 0.0130512, 0.0117949],"slopes":[0, 0, 0, 0]}
[19-02-20 13:54:51]: {"step":42,"load_imbalance": 12.2917,"skewness": -0.570849,"loads": [0.01252, 0.00908999, 0.0130392, 0.0117983],"slopes":[-0.000245364, -2.80375e-06, -1.20443e-05, 3.4296e-06]}
[19-02-20 13:54:51]: {"step":43,"load_imbalance": 11.6868,"skewness": -0.574385,"loads": [0.0127886, 0.00909787, 0.0130594, 0.0118258],"slopes":[1.1628e-05, 2.53762e-06, 4.11691e-06, 1.54378e-05]}
[19-02-20 13:54:51]: {"step":44,"load_imbalance": 11.912,"skewness": -0.570377,"loads": [0.0127057, 0.0091163, 0.0130672, 0.0118161],"slopes":[8.98242e-06, 7.83848e-06, 6.83819e-06, 9.12268e-06]}
[19-02-20 13:54:51]: {"step":45,"load_imbalance": 12.103,"skewness": -0.575948,"loads": [0.0125449, 0.0091104, 0.0130329, 0.0118152],"slopes":[-2.55126e-05, 6.15274e-06, -8.46153e-07, 5.84233e-06]}
[19-02-20 13:54:51]: {"step":46,"load_imbalance": 11.5262,"skewness": -0.58317,"loads": [0.0127863, 0.00912156, 0.0130554, 0.0118612],"slopes":[2.75887e-06, 6.38636e-06, 2.81818e-07, 1.06406e-05]}
[19-02-20 13:54:51]: {"step":47,"load_imbalance": 12.0537,"skewness": -0.57852,"loads": [0.01255, 0.00912587, 0.0130406, 0.0118348],"slopes":[-1.27569e-05, 6.24665e-06, -9.25219e-07, 8.39346e-06]}
[19-02-20 13:54:51]: {"step":48,"load_imbalance": 12.0467,"skewness": -0.576326,"loads": [0.0125711, 0.00913706, 0.0130534, 0.0118384],"slopes":[-1.64025e-05, 6.60056e-06, -2.8259e-07, 7.05544e-06]}
[19-02-20 13:54:52]: {"step":49,"load_imbalance": 11.0515,"skewness": -0.616071,"loads": [0.0128799, 0.00918341, 0.0131083, 0.0120436],"slopes":[3.57653e-06, 9.41569e-06, 3.69261e-06, 1.96392e-05]}
[19-02-20 13:54:52]: {"step":50,"load_imbalance": 12.0246,"skewness": -0.574977,"loads": [0.012549, 0.00913143, 0.0130304, 0.0118161],"slopes":[-4.49578e-06, 7.49981e-06, 1.26764e-06, 1.25679e-05]}
[19-02-20 13:54:52]: {"step":51,"load_imbalance": 11.3334,"skewness": -0.56857,"loads": [0.0128993, 0.00919314, 0.0130999, 0.0118731],"slopes":[7.22773e-06, 8.91903e-06, 3.04494e-06, 1.07298e-05]}
[19-02-20 13:54:52]: {"step":52,"load_imbalance": 12.007,"skewness": -0.581004,"loads": [0.0126157, 0.00913475, 0.0130745, 0.0118666],"slopes":[2.8085e-06, 7.14909e-06, 2.97516e-06, 9.00555e-06]}
[19-02-20 13:54:52]: {"step":53,"load_imbalance": 12.0591,"skewness": -0.56879,"loads": [0.0125357, 0.00914072, 0.0130266, 0.011796],"slopes":[-2.59252e-06, 6.04029e-06, 1.25782e-06, 5.33896e-06]}
[19-02-20 13:54:52]: {"step":54,"load_imbalance": 11.6073,"skewness": -0.567271,"loads": [0.0127593, 0.00914601, 0.0130457, 0.0118048],"slopes":[4.73509e-07, 5.32191e-06, 6.88614e-07, 3.13329e-06]}
[19-02-20 13:54:52]: {"step":55,"load_imbalance": 12.0436,"skewness": -0.569221,"loads": [0.0125321, 0.00913961, 0.0130212, 0.0117933],"slopes":[-3.22496e-06, 4.56188e-06, -3.11837e-07, 1.33385e-06]}
[19-02-20 13:54:52]: {"step":56,"load_imbalance": 12.8675,"skewness": -0.498371,"loads": [0.0131868, 0.00944253, 0.0136345, 0.0120564],"slopes":[8.81347e-06, 1.06348e-05, 1.25532e-05, 5.90416e-06]}
[19-02-20 13:54:52]: {"step":57,"load_imbalance": 11.3365,"skewness": -0.566666,"loads": [0.0128471, 0.0091692, 0.0130527, 0.0118257],"slopes":[1.0241e-05, 9.23454e-06, 9.72972e-06, 4.40146e-06]}
[19-02-20 13:54:52]: {"step":58,"load_imbalance": 12.0389,"skewness": -0.568943,"loads": [0.0125239, 0.00915032, 0.0130235, 0.0117987],"slopes":[5.39265e-06, 7.75869e-06, 7.06476e-06, 2.79503e-06]}
[19-02-20 13:54:52]: {"step":59,"load_imbalance": 11.4208,"skewness": -0.571184,"loads": [0.0128363, 0.00917779, 0.0130769, 0.011855],"slopes":[6.77079e-06, 7.01356e-06, 5.88932e-06, 2.49132e-06]}
[19-02-20 13:54:52]: {"step":60,"load_imbalance": 11.9055,"skewness": -0.566636,"loads": [0.012676, 0.00931451, 0.0131854, 0.0119546],"slopes":[5.3872e-06, 8.32369e-06, 6.49834e-06, 3.65665e-06]}
[19-02-20 13:54:53]: {"step":61,"load_imbalance": 11.9507,"skewness": -0.569442,"loads": [0.0125935, 0.00917174, 0.0130547, 0.0118245],"slopes":[4.78874e-06, 7.40738e-06, 5.41333e-06, 2.31841e-06]}
[19-02-20 13:54:53]: {"step":62,"load_imbalance": 11.4132,"skewness": -0.565643,"loads": [0.0128105, 0.00918961, 0.0130593, 0.0118265],"slopes":[3.67401e-06, 6.58335e-06, 4.19819e-06, 1.0192e-06]}
[19-02-20 13:54:53]: {"step":63,"load_imbalance": 11.9054,"skewness": -0.570057,"loads": [0.0125458, 0.00917954, 0.0130272, 0.0118126],"slopes":[2.58229e-06, 5.58997e-06, 2.81515e-06, -8.85215e-08]}
[19-02-20 13:54:53]: {"step":64,"load_imbalance": 11.4349,"skewness": -0.557949,"loads": [0.0128371, 0.0092092, 0.0130786, 0.0118212],"slopes":[4.7088e-06, 5.18847e-06, 2.33743e-06, -1.20455e-06]}
[19-02-20 13:54:53]: {"step":65,"load_imbalance": 11.8403,"skewness": -0.564342,"loads": [0.012588, 0.00924199, 0.0130684, 0.0118412],"slopes":[5.39007e-07, 5.02273e-06, 1.15595e-06, -2.05784e-06]}
[19-02-20 13:54:53]: {"step":66,"load_imbalance": 11.9552,"skewness": -0.561799,"loads": [0.0125336, 0.00921146, 0.0130409, 0.0118073],"slopes":[-6.61179e-07, 4.39919e-06, -1.18781e-07, -2.7092e-06]}
[19-02-20 13:54:53]: {"step":67,"load_imbalance": 11.326,"skewness": -0.564521,"loads": [0.0128668, 0.00921, 0.0130841, 0.0118508],"slopes":[-4.5192e-07, 3.6875e-06, -9.8762e-07, -3.07321e-06]}
[19-02-20 13:54:53]: {"step":68,"load_imbalance": 11.9333,"skewness": -0.567008,"loads": [0.0125274, 0.00920951, 0.0130413, 0.0118255],"slopes":[-5.23508e-06, 3.01907e-06, -2.33072e-06, -3.76619e-06]}
[19-02-20 13:54:53]: {"step":69,"load_imbalance": 11.7412,"skewness": -0.570916,"loads": [0.0125939, 0.00920955, 0.0130372, 0.0118287],"slopes":[-4.12776e-06, 2.97403e-06, -2.84734e-06, -1.15455e-06]}
[19-02-20 13:54:53]: {"step":70,"load_imbalance": 11.5588,"skewness": -0.576291,"loads": [0.0126887, 0.00935782, 0.0131607, 0.0119812],"slopes":[-6.45928e-06, 4.18709e-06, -2.7223e-06, 3.66971e-07]}
[19-02-20 13:54:53]: {"step":71,"load_imbalance": 11.7553,"skewness": -0.56722,"loads": [0.0125563, 0.00924808, 0.013043, 0.0118367],"slopes":[-5.36245e-06, 4.4663e-06, -3.37832e-06, 4.76511e-07]}
[19-02-20 13:54:54]: {"step":72,"load_imbalance": 11.627,"skewness": -0.535848,"loads": [0.0129286, 0.00923259, 0.0131488, 0.011807],"slopes":[-2.90772e-06, 3.51979e-06, -2.83838e-06, 1.12826e-07]}
[19-02-20 13:54:54]: {"step":73,"load_imbalance": 11.6915,"skewness": -0.558646,"loads": [0.0127376, 0.00940713, 0.0132191, 0.0119778],"slopes":[-4.91563e-06, 5.01373e-06, -2.16083e-06, 1.16453e-06]}
[19-02-20 13:54:54]: {"step":74,"load_imbalance": 11.7953,"skewness": -0.558519,"loads": [0.0125613, 0.0092615, 0.0130485, 0.0118159],"slopes":[-6.2156e-06, 4.11011e-06, -3.90847e-06, -2.31491e-07]}
[19-02-20 13:54:54]: {"step":75,"load_imbalance": 11.8272,"skewness": -0.556325,"loads": [0.0125302, 0.00925327, 0.0130305, 0.0117956],"slopes":[-1.125e-05, 2.81417e-06, -6.30443e-06, -2.11523e-06]}
[19-02-20 13:54:54]: {"step":76,"load_imbalance": 11.8996,"skewness": -0.554257,"loads": [0.0125182, 0.00924437, 0.0130311, 0.0117878],"slopes":[-6.11436e-06, 6.0033e-06, 9.76887e-07, 4.04169e-08]}
[19-02-20 13:54:54]: {"step":77,"load_imbalance": 11.4366,"skewness": -0.554895,"loads": [0.0127214, 0.00924961, 0.0130371, 0.0117885],"slopes":[-2.43495e-06, 5.2494e-06, 6.61799e-08, -1.03304e-06]}
[19-02-20 13:54:54]: {"step":78,"load_imbalance": 11.2032,"skewness": -0.554685,"loads": [0.0128106, 0.0092727, 0.0130518, 0.0118125],"slopes":[-2.39616e-06, 4.40642e-06, -1.07316e-06, -2.13411e-06]}
[19-02-20 13:54:54]: {"step":79,"load_imbalance": 10.5851,"skewness": -0.649109,"loads": [0.0127718, 0.00952692, 0.0132504, 0.0123792],"slopes":[1.59153e-06, 7.4448e-06, 1.42544e-06, 5.72937e-06]}
[19-02-20 13:54:54]: {"step":80,"load_imbalance": 11.348,"skewness": -0.552204,"loads": [0.01285, 0.00926455, 0.0130943, 0.0118303],"slopes":[4.26121e-06, 8.36887e-06, 3.14631e-06, 6.53642e-06]}
[19-02-20 13:54:54]: {"step":81,"load_imbalance": 11.4739,"skewness": -0.543973,"loads": [0.0126276, 0.00946363, 0.0131309, 0.0118953],"slopes":[2.19103e-06, 9.95785e-06, 3.4636e-06, 6.4032e-06]}
[19-02-20 13:54:54]: {"step":82,"load_imbalance": 11.5839,"skewness": -0.557488,"loads": [0.0126277, 0.00932727, 0.0130792, 0.0118516],"slopes":[3.49616e-06, 9.44199e-06, 3.0004e-06, 5.5721e-06]}
[19-02-20 13:54:55]: {"step":83,"load_imbalance": 11.0222,"skewness": -0.554356,"loads": [0.012848, 0.009351, 0.013085, 0.0118596],"slopes":[4.04488e-06, 8.8991e-06, 2.08301e-06, 4.59754e-06]}
[19-02-20 13:54:55]: {"step":84,"load_imbalance": 11.8825,"skewness": -0.548539,"loads": [0.0125402, 0.00929378, 0.0130647, 0.0118099],"slopes":[4.34015e-06, 7.74918e-06, 1.59953e-06, 2.97854e-06]}
[19-02-20 13:54:55]: {"step":85,"load_imbalance": 11.0973,"skewness": -0.551757,"loads": [0.0128076, 0.00929886, 0.0130406, 0.0118051],"slopes":[4.96837e-06, 7.06249e-06, 6.3347e-07, 1.6231e-06]}
[19-02-20 13:54:55]: {"step":86,"load_imbalance": 11.0296,"skewness": -0.551769,"loads": [0.0128769, 0.00950105, 0.0131964, 0.0119676],"slopes":[5.39782e-06, 8.69675e-06, 1.4994e-06, 2.10836e-06]}
[19-02-20 13:54:55]: {"step":87,"load_imbalance": 11.6589,"skewness": -0.549964,"loads": [0.0125378, 0.00932259, 0.0130356, 0.011802],"slopes":[5.72849e-06, 7.32302e-06, 5.16271e-07, 6.73941e-07]}
[19-02-20 13:54:55]: {"step":88,"load_imbalance": 11.0787,"skewness": -0.54741,"loads": [0.0127685, 0.00933402, 0.0130315, 0.0117929],"slopes":[4.49111e-06, 5.93554e-06, -1.12935e-06, -1.21626e-06]}
[19-02-20 13:54:55]: {"step":89,"load_imbalance": 10.8694,"skewness": -0.527871,"loads": [0.0130006, 0.00933217, 0.0130897, 0.011803],"slopes":[7.25617e-06, 4.33495e-06, -1.99244e-06, -2.86257e-06]}
[19-02-20 13:54:55]: {"step":90,"load_imbalance": 11.0762,"skewness": -0.543983,"loads": [0.0128091, 0.00935802, 0.0130634, 0.0118126],"slopes":[8.17112e-06, 5.26042e-06, -1.35945e-06, -1.9266e-06]}
[19-02-20 13:54:55]: {"step":91,"load_imbalance": 11.5359,"skewness": -0.548542,"loads": [0.0126381, 0.0094437, 0.0131435, 0.011911],"slopes":[4.37144e-06, 5.67663e-06, -1.29547e-06, -1.61196e-06]}
[19-02-20 13:54:55]: {"step":92,"load_imbalance": 11.57,"skewness": -0.545086,"loads": [0.0125368, 0.00936105, 0.0130348, 0.0117996],"slopes":[4.88031e-06, 4.3736e-06, -1.26425e-06, -3.4704e-06]}
[19-02-20 13:54:55]: {"step":93,"load_imbalance": 10.7716,"skewness": -0.544684,"loads": [0.0129805, 0.00953771, 0.0132109, 0.0119758],"slopes":[9.30049e-06, 8.15689e-06, 2.56457e-06, -1.02539e-07]}
[19-02-20 13:54:55]: {"step":94,"load_imbalance": 11.5353,"skewness": -0.543249,"loads": [0.0125351, 0.00937513, 0.0130333, 0.0117979],"slopes":[4.20899e-06, 7.12179e-06, 1.17487e-06, -1.83014e-06]}
[19-02-20 13:54:56]: {"step":95,"load_imbalance": 11.7735,"skewness": -0.534766,"loads": [0.0125459, 0.00939034, 0.0130911, 0.0118213],"slopes":[-1.18109e-06, 6.00321e-06, 3.49333e-07, -3.51723e-06]}
[19-02-20 13:54:56]: {"step":96,"load_imbalance": 11.3398,"skewness": -0.545866,"loads": [0.0126464, 0.00951063, 0.013147, 0.0119278],"slopes":[-5.34628e-06, 6.25648e-06, 2.40772e-07, -3.84387e-06]}
[19-02-20 13:54:56]: {"step":97,"load_imbalance": 11.5255,"skewness": -0.538977,"loads": [0.0125453, 0.00940461, 0.0130508, 0.0118075],"slopes":[-7.94053e-06, 4.67754e-06, -1.32134e-06, -6.08956e-06]}
[19-02-20 13:54:56]: {"step":98,"load_imbalance": 11.5495,"skewness": -0.534648,"loads": [0.0125395, 0.00940553, 0.0130469, 0.0117924],"slopes":[-8.94591e-06, 3.24317e-06, -2.72763e-06, -8.2001e-06]}
[19-02-20 13:54:56]: {"step":99,"load_imbalance": 11.3299,"skewness": -0.541022,"loads": [0.012684, 0.00954804, 0.0131823, 0.0119486],"slopes":[-8.09064e-06, 7.65884e-06, 9.42531e-07, 8.97746e-07]}
[19-02-20 13:54:56]: {"step":100,"load_imbalance": 11.5151,"skewness": -0.533802,"loads": [0.0125281, 0.00942555, 0.0130473, 0.0117993],"slopes":[-8.09585e-06, 6.15031e-06, 3.23358e-07, -1.55431e-07]}
[19-02-20 13:54:56]: {"step":101,"load_imbalance": 11.1059,"skewness": -0.536176,"loads": [0.012746, 0.00949145, 0.0131138, 0.0118605],"slopes":[-8.01522e-06, 8.48442e-06, 1.30163e-06, 7.38326e-07]}
[19-02-20 13:54:56]: {"step":102,"load_imbalance": 10.3219,"skewness": -0.606241,"loads": [0.0129209, 0.00981044, 0.0133661, 0.0123648],"slopes":[-5.61413e-06, 1.31806e-05, 5.09485e-06, 8.19886e-06]}
[19-02-20 13:54:56]: {"step":103,"load_imbalance": 11.0701,"skewness": -0.534922,"loads": [0.0126859, 0.00945998, 0.0130514, 0.0118051],"slopes":[-3.53043e-06, 1.25185e-05, 4.05157e-06, 7.01906e-06]}
[19-02-20 13:54:56]: {"step":104,"load_imbalance": 10.8177,"skewness": -0.536182,"loads": [0.0129896, 0.00990868, 0.0134664, 0.0122427],"slopes":[-1.72569e-06, 1.71988e-05, 8.66652e-06, 1.13872e-05]}
[19-02-20 13:54:56]: {"step":105,"load_imbalance": 11.066,"skewness": -0.535899,"loads": [0.0126444, 0.00947359, 0.0130404, 0.0118062],"slopes":[-1.30725e-06, 1.48191e-05, 6.21196e-06, 8.79152e-06]}
[19-02-20 13:54:57]: {"step":106,"load_imbalance": 10.6127,"skewness": -0.523742,"loads": [0.0130785, 0.00970216, 0.0133065, 0.012032],"slopes":[6.65207e-06, 1.86347e-05, 1.00183e-05, 1.19874e-05]}
[19-02-20 13:54:57]: {"step":107,"load_imbalance": 13.0568,"skewness": -0.432844,"loads": [0.0130495, 0.00977349, 0.0137586, 0.012097],"slopes":[8.54021e-06, 2.0349e-05, 1.75799e-05, 1.34004e-05]}
[19-02-20 13:54:57]: {"step":108,"load_imbalance": 11.0011,"skewness": -0.530336,"loads": [0.012647, 0.009494, 0.0130333, 0.0117921],"slopes":[7.55246e-06, 1.7573e-05, 1.36268e-05, 9.8704e-06]}
[19-02-20 13:54:57]: {"step":109,"load_imbalance": 10.9298,"skewness": -0.529282,"loads": [0.0127424, 0.00972365, 0.013228, 0.0120046],"slopes":[1.17749e-05, 1.78079e-05, 1.33714e-05, 9.53733e-06]}
[19-02-20 13:54:57]: {"step":110,"load_imbalance": 11.2132,"skewness": -0.524777,"loads": [0.0125473, 0.00953114, 0.0130512, 0.0118116],"slopes":[1.05751e-05, 1.51121e-05, 9.9684e-06, 6.29492e-06]}
[19-02-20 13:54:57]: {"step":111,"load_imbalance": 12.7074,"skewness": -0.454133,"loads": [0.0125669, 0.00953367, 0.0133047, 0.0118132],"slopes":[7.34831e-06, 1.35449e-05, 1.1468e-05, 4.63048e-06]}
[19-02-20 13:54:57]: {"step":112,"load_imbalance": 10.5181,"skewness": -0.527227,"loads": [0.0128409, 0.00960626, 0.0131021, 0.0118714],"slopes":[6.54409e-06, 1.15745e-05, 8.1151e-06, 2.18448e-06]}
[19-02-20 13:54:57]: {"step":113,"load_imbalance": 10.9771,"skewness": -0.525395,"loads": [0.0126005, 0.00957937, 0.0130589, 0.01183],"slopes":[8.85442e-06, 1.16405e-05, 6.82455e-06, 1.82274e-06]}
[19-02-20 13:54:57]: {"step":114,"load_imbalance": 10.8693,"skewness": -0.525249,"loads": [0.0125942, 0.00965788, 0.0130893, 0.0118829],"slopes":[4.61246e-06, 1.01984e-05, 3.39279e-06, -3.73552e-07]}
[19-02-20 13:54:57]: {"step":115,"load_imbalance": 10.9092,"skewness": -0.521857,"loads": [0.0126045, 0.00959792, 0.0130536, 0.0118224],"slopes":[5.99589e-07, 7.71473e-06, 2.78933e-07, -3.19213e-06]}
[19-02-20 13:54:57]: {"step":116,"load_imbalance": 11.2999,"skewness": -0.505921,"loads": [0.0126757, 0.00960338, 0.0131563, 0.0118468],"slopes":[-8.96356e-07, 6.89625e-06, -4.28983e-07, -3.98144e-06]}
[19-02-20 13:54:58]: {"step":117,"load_imbalance": 10.5348,"skewness": -0.52009,"loads": [0.0127843, 0.00968713, 0.0131202, 0.0118873],"slopes":[-2.48153e-06, 5.46081e-06, -3.1852e-06, -5.97045e-06]}
[19-02-20 13:54:58]: {"step":118,"load_imbalance": 11.0205,"skewness": -0.510453,"loads": [0.0125471, 0.00963485, 0.0130628, 0.0118197],"slopes":[-7.90765e-06, 2.86803e-06, -6.92682e-06, -9.28437e-06]}
[19-02-20 13:54:58]: {"step":119,"load_imbalance": 10.5172,"skewness": -0.511533,"loads": [0.0127959, 0.00972184, 0.0131342, 0.0118852],"slopes":[-7.50833e-06, 3.42332e-06, -7.53511e-06, -9.23734e-06]}
[19-02-20 13:54:58]: {"step":120,"load_imbalance": 10.7919,"skewness": -0.5082,"loads": [0.0125582, 0.00968364, 0.0130484, 0.0118194],"slopes":[-1.31355e-05, 1.23759e-06, -1.14272e-05, -1.23933e-05]}
[19-02-20 13:54:58]: {"step":121,"load_imbalance": 10.7629,"skewness": -0.501671,"loads": [0.0125619, 0.00970618, 0.0130509, 0.0118119],"slopes":[-1.53139e-05, 2.61803e-08, -1.42366e-05, -1.47186e-05]}
[19-02-20 13:54:58]: {"step":122,"load_imbalance": 10.3026,"skewness": -0.503308,"loads": [0.0127403, 0.00977094, 0.0130826, 0.0118487],"slopes":[-1.19056e-05, 4.45365e-06, -1.25137e-05, -8.48233e-06]}
[19-02-20 13:54:58]: {"step":123,"load_imbalance": 10.6188,"skewness": -0.494124,"loads": [0.012567, 0.00976888, 0.0130566, 0.0118205],"slopes":[-1.44108e-05, 3.37758e-06, -1.57047e-05, -1.07106e-05]}
[19-02-20 13:54:58]: {"step":124,"load_imbalance": 10.5647,"skewness": -0.484569,"loads": [0.0126938, 0.0097648, 0.0130877, 0.0118023],"slopes":[-1.0131e-05, 8.86337e-06, -1.1907e-05, -6.31297e-06]}
[19-02-20 13:54:58]: {"step":125,"load_imbalance": 9.40351,"skewness": -0.506254,"loads": [0.013314, 0.0103263, 0.0135547, 0.0123636],"slopes":[-1.9979e-06, 1.57172e-05, -7.59438e-06, -1.27015e-07]}
[19-02-20 13:54:58]: {"step":126,"load_imbalance": 10.1693,"skewness": -0.488525,"loads": [0.0127197, 0.00982733, 0.0130635, 0.0118202],"slopes":[3.4919e-06, 1.77696e-05, -6.87132e-06, 1.02419e-06]}
[19-02-20 13:54:58]: {"step":127,"load_imbalance": 10.2089,"skewness": -0.470603,"loads": [0.0128363, 0.00984403, 0.0131194, 0.0118168],"slopes":[1.07302e-05, 2.09987e-05, 2.15534e-06, 3.47169e-06]}
[19-02-20 13:54:58]: {"step":128,"load_imbalance": 10.4579,"skewness": -0.484034,"loads": [0.012547, 0.0098384, 0.0130495, 0.0118211],"slopes":[7.80175e-06, 1.96281e-05, -3.08367e-07, 1.58644e-06]}
[19-02-20 13:54:59]: {"step":129,"load_imbalance": 9.72012,"skewness": -0.489468,"loads": [0.0128415, 0.00985302, 0.0130501, 0.0118313],"slopes":[1.07363e-05, 2.15746e-05, 2.86409e-07, 3.16025e-06]}
[19-02-20 13:54:59]: {"step":130,"load_imbalance": 10.0315,"skewness": -0.479222,"loads": [0.012882, 0.0102003, 0.0133657, 0.0121407],"slopes":[1.10202e-05, 2.52479e-05, 2.86617e-06, 6.36648e-06]}
[19-02-20 13:54:59]: {"step":131,"load_imbalance": 10.2019,"skewness": -0.491512,"loads": [0.0125589, 0.00989234, 0.0130466, 0.0118573],"slopes":[6.49364e-06, 2.35557e-05, 4.41522e-06, 5.0549e-06]}
[19-02-20 13:54:59]: {"step":132,"load_imbalance": 9.83156,"skewness": -0.475823,"loads": [0.0127446, 0.00996196, 0.0130807, 0.0118519],"slopes":[8.95944e-06, 2.34648e-05, 3.64182e-06, 4.51742e-06]}
[19-02-20 13:54:59]: {"step":133,"load_imbalance": 10.2596,"skewness": -0.469341,"loads": [0.0125568, 0.00991013, 0.0130432, 0.0118081],"slopes":[5.09156e-06, 2.1674e-05, 1.68323e-06, 2.73089e-06]}
[19-02-20 13:54:59]: {"step":134,"load_imbalance": 9.98033,"skewness": -0.490414,"loads": [0.0127582, 0.00994282, 0.0131241, 0.0119074],"slopes":[4.0658e-06, 2.10925e-05, 1.38305e-06, 3.2306e-06]}
[19-02-20 13:54:59]: {"step":135,"load_imbalance": 9.62694,"skewness": -0.464833,"loads": [0.0128863, 0.010133, 0.0132105, 0.0119719],"slopes":[4.78747e-06, 2.18532e-05, 1.7017e-06, 3.65983e-06]}
[19-02-20 13:54:59]: {"step":136,"load_imbalance": 10.1406,"skewness": -0.45498,"loads": [0.012541, 0.00997818, 0.0130429, 0.0118062],"slopes":[1.27674e-06, 1.96831e-05, 1.0116e-06, 1.88298e-06]}
[19-02-20 13:54:59]: {"step":137,"load_imbalance": 10.1028,"skewness": -0.440815,"loads": [0.0127839, 0.0100253, 0.0131611, 0.0118435],"slopes":[3.15222e-06, 1.89452e-05, 1.60957e-06, 1.33942e-06]}
[19-02-20 13:54:59]: {"step":138,"load_imbalance": 9.83196,"skewness": -0.451794,"loads": [0.0127873, 0.0102494, 0.0132804, 0.0120492],"slopes":[1.33245e-06, 2.00739e-05, 2.94511e-06, 2.73277e-06]}
[19-02-20 13:54:59]: {"step":139,"load_imbalance": 9.66818,"skewness": -0.457763,"loads": [0.0127036, 0.0101039, 0.0131048, 0.0118858],"slopes":[1.88399e-06, 1.95734e-05, 2.57186e-06, 2.48058e-06]}
[19-02-20 13:55:00]: {"step":140,"load_imbalance": 9.31791,"skewness": -0.46927,"loads": [0.0129485, 0.0102162, 0.0132363, 0.0120311],"slopes":[2.31943e-06, 1.95003e-05, 2.76579e-06, 3.26442e-06]}
[19-02-20 13:55:00]: {"step":141,"load_imbalance": 9.77784,"skewness": -0.449155,"loads": [0.0126247, 0.0101315, 0.0131054, 0.0118908],"slopes":[-2.39944e-06, 1.77721e-05, 8.47097e-07, 1.60768e-06]}
[19-02-20 13:55:00]: {"step":142,"load_imbalance": 9.32837,"skewness": -0.443917,"loads": [0.0128604, 0.0101202, 0.0131032, 0.0118569],"slopes":[-1.02892e-06, 1.6266e-05, -6.84112e-07, -7.12378e-08]}
[19-02-20 13:55:00]: {"step":143,"load_imbalance": 9.48839,"skewness": -0.440131,"loads": [0.0128396, 0.0103858, 0.0133124, 0.0120971],"slopes":[-2.87261e-06, 1.79962e-05, 3.31956e-07, 1.22398e-06]}
[19-02-20 13:55:00]: {"step":144,"load_imbalance": 9.6855,"skewness": -0.434981,"loads": [0.0125999, 0.0101105, 0.0130412, 0.011807],"slopes":[-6.54936e-06, 1.48011e-05, -2.42008e-06, -2.32929e-06]}
[19-02-20 13:55:00]: {"step":145,"load_imbalance": 9.74245,"skewness": -0.427863,"loads": [0.0125343, 0.0101359, 0.013038, 0.0118139],"slopes":[-1.22818e-06, 2.03148e-05, 2.22577e-06, 3.07218e-06]}
[19-02-20 13:55:00]: {"step":146,"load_imbalance": 9.74011,"skewness": -0.414152,"loads": [0.0125397, 0.0101703, 0.0130509, 0.0118092],"slopes":[-4.04255e-06, 1.87279e-05, 7.70067e-08, 6.53949e-07]}
[19-02-20 13:55:00]: {"step":147,"load_imbalance": 9.67818,"skewness": -0.410546,"loads": [0.0125324, 0.0101847, 0.0130409, 0.0118025],"slopes":[-4.84809e-06, 1.70947e-05, -1.31255e-06, -1.89752e-06]}
[19-02-20 13:55:00]: {"step":148,"load_imbalance": 9.0834,"skewness": -0.412416,"loads": [0.0131547, 0.0107991, 0.0136317, 0.0124009],"slopes":[-8.73364e-07, 2.3637e-05, 4.75263e-06, 4.18801e-06]}
[19-02-20 13:55:00]: {"step":149,"load_imbalance": 9.58714,"skewness": -0.404652,"loads": [0.0125214, 0.0102064, 0.013026, 0.0117919],"slopes":[-2.21047e-06, 2.0499e-05, 1.29837e-06, 8.63201e-07]}
[19-02-20 13:55:00]: {"step":150,"load_imbalance": 9.40094,"skewness": -0.405346,"loads": [0.0126156, 0.0102745, 0.0130751, 0.0118409],"slopes":[-1.08124e-06, 2.32853e-05, 3.56494e-06, 3.18273e-06]}
[19-02-20 13:55:01]: {"step":151,"load_imbalance": 9.22441,"skewness": -0.404116,"loads": [0.012749, 0.0103413, 0.0131409, 0.0118932],"slopes":[-2.74686e-06, 2.20517e-05, 2.16948e-06, 2.22542e-06]}
[19-02-20 13:55:01]: {"step":152,"load_imbalance": 9.49722,"skewness": -0.391844,"loads": [0.012525, 0.0102538, 0.0130301, 0.0117908],"slopes":[-4.96664e-06, 1.99923e-05, -4.11346e-07, -3.33115e-07]}
[19-02-20 13:55:01]: {"step":153,"load_imbalance": 9.16708,"skewness": -0.393039,"loads": [0.0134036, 0.0110164, 0.0138985, 0.0126071],"slopes":[2.72962e-06, 2.75704e-05, 8.89815e-06, 8.17033e-06]}
[19-02-20 13:55:01]: {"step":154,"load_imbalance": 9.42152,"skewness": -0.379979,"loads": [0.012527, 0.0103023, 0.0130393, 0.0117977],"slopes":[-1.90142e-07, 2.37992e-05, 5.9239e-06, 5.47707e-06]}
[19-02-20 13:55:01]: {"step":155,"load_imbalance": 8.73379,"skewness": -0.500899,"loads": [0.0125197, 0.0103245, 0.0130271, 0.0120515],"slopes":[-8.43538e-07, 2.28076e-05, 4.2666e-06, 7.59158e-06]}
[19-02-20 13:55:01]: {"step":156,"load_imbalance": 8.40931,"skewness": -0.458859,"loads": [0.0128725, 0.0103992, 0.0131179, 0.0120117],"slopes":[-1.35816e-06, 2.01501e-05, 1.53635e-06, 6.40193e-06]}
[19-02-20 13:55:01]: {"step":157,"load_imbalance": 9.24159,"skewness": -0.376298,"loads": [0.0125224, 0.0103574, 0.0130362, 0.0118175],"slopes":[-3.53709e-06, 1.7007e-05, -6.0777e-07, 2.71729e-06]}
[19-02-20 13:55:01]: {"step":158,"load_imbalance": 8.76385,"skewness": -0.444227,"loads": [0.0126254, 0.0104372, 0.0130987, 0.0120118],"slopes":[-3.79711e-06, 1.80416e-05, 2.13835e-07, 5.09667e-06]}
[19-02-20 13:55:01]: {"step":159,"load_imbalance": 9.08245,"skewness": -0.358242,"loads": [0.0126258, 0.0104946, 0.0131295, 0.0118954],"slopes":[-5.13007e-06, 1.73162e-05, -1.02463e-06, 3.28846e-06]}
[19-02-20 13:55:01]: {"step":160,"load_imbalance": 9.13211,"skewness": -0.353831,"loads": [0.0125179, 0.0104056, 0.0130249, 0.0117916],"slopes":[-4.01945e-06, 1.65059e-05, -1.71902e-06, 2.27797e-06]}
[19-02-20 13:55:01]: {"step":161,"load_imbalance": 8.57397,"skewness": -0.352287,"loads": [0.0128239, 0.0104704, 0.0130775, 0.0118074],"slopes":[-3.00256e-06, 1.49998e-05, -3.41006e-06, -3.62742e-07]}
[19-02-20 13:55:01]: {"step":162,"load_imbalance": 8.98131,"skewness": -0.340054,"loads": [0.0125312, 0.0104653, 0.0130296, 0.011797],"slopes":[-2.74582e-06, 1.27331e-05, -5.77942e-06, -3.56195e-06]}
[19-02-20 13:55:02]: {"step":163,"load_imbalance": 8.66213,"skewness": -0.342814,"loads": [0.0127664, 0.0104812, 0.0130689, 0.0117918],"slopes":[1.03655e-06, 1.43677e-05, -4.17328e-06, -2.95138e-06]}
[19-02-20 13:55:02]: {"step":164,"load_imbalance": 8.44734,"skewness": -0.345904,"loads": [0.0127644, 0.0105058, 0.0130433, 0.0117958],"slopes":[1.11613e-06, 1.18636e-05, -6.84728e-06, -6.40536e-06]}
[19-02-20 13:55:02]: {"step":165,"load_imbalance": 8.94809,"skewness": -0.319855,"loads": [0.0125181, 0.0105029, 0.0130281, 0.0117834],"slopes":[-3.60638e-06, 9.12393e-06, -9.7928e-06, -9.91093e-06]}
[19-02-20 13:55:02]: {"step":166,"load_imbalance": 8.39351,"skewness": -0.342337,"loads": [0.0129551, 0.0106024, 0.0131821, 0.0119059],"slopes":[-1.97727e-06, 7.79778e-06, -1.03203e-05, -1.16948e-05]}
[19-02-20 13:55:02]: {"step":167,"load_imbalance": 8.3578,"skewness": -0.321225,"loads": [0.0128024, 0.0107022, 0.0131603, 0.011916],"slopes":[-3.26829e-06, 7.47555e-06, -1.15149e-05, -1.35866e-05]}
[19-02-20 13:55:02]: {"step":168,"load_imbalance": 8.77114,"skewness": -0.302928,"loads": [0.012529, 0.0105764, 0.0130354, 0.0117963],"slopes":[9.55337e-07, 1.42777e-05, -5.34338e-06, -7.90958e-06]}
[19-02-20 13:55:02]: {"step":169,"load_imbalance": 8.16704,"skewness": -0.309004,"loads": [0.0128319, 0.0106346, 0.0130733, 0.011805],"slopes":[4.46928e-07, 1.28897e-05, -7.29884e-06, -1.08162e-05]}
[19-02-20 13:55:02]: {"step":170,"load_imbalance": 8.64186,"skewness": -0.289796,"loads": [0.0125317, 0.0106192, 0.0130297, 0.0117923],"slopes":[-3.32862e-06, 1.1712e-05, -9.17308e-06, -1.31486e-05]}
[19-02-20 13:55:02]: {"step":171,"load_imbalance": 8.0884,"skewness": -0.287223,"loads": [0.0132949, 0.0112762, 0.013697, 0.01242],"slopes":[6.03098e-06, 2.04565e-05, -4.0685e-07, -5.61636e-06]}
[19-02-20 13:55:02]: {"step":172,"load_imbalance": 8.83551,"skewness": -0.255783,"loads": [0.012786, 0.0106795, 0.0131806, 0.0117962],"slopes":[3.76088e-06, 1.78892e-05, -1.60346e-06, -9.40275e-06]}
[19-02-20 13:55:02]: {"step":173,"load_imbalance": 8.1195,"skewness": -0.273016,"loads": [0.0130316, 0.0111757, 0.0135188, 0.0122883],"slopes":[1.84801e-05, 3.38126e-05, 1.55175e-05, 6.72042e-06]}
[19-02-20 13:55:03]: {"step":174,"load_imbalance": 8.29665,"skewness": -0.299891,"loads": [0.0132497, 0.0107818, 0.0133829, 0.012016],"slopes":[2.30344e-05, 3.25934e-05, 1.77005e-05, 6.65318e-06]}
[19-02-20 13:55:03]: {"step":175,"load_imbalance": 8.16354,"skewness": -0.253154,"loads": [0.0127707, 0.0109561, 0.0132443, 0.0120078],"slopes":[1.95424e-05, 3.34928e-05, 1.71943e-05, 1.01483e-05]}
[19-02-20 13:55:03]: {"step":176,"load_imbalance": 10.2622,"skewness": -0.114268,"loads": [0.0127822, 0.010979, 0.0136505, 0.0121086],"slopes":[2.14078e-05, 3.49487e-05, 2.35979e-05, 1.45203e-05]}
[19-02-20 13:55:03]: {"step":177,"load_imbalance": 7.62869,"skewness": -0.259539,"loads": [0.0129245, 0.0109052, 0.0131515, 0.0118961],"slopes":[1.99159e-05, 3.38196e-05, 2.07828e-05, 1.26439e-05]}
[19-02-20 13:55:03]: {"step":178,"load_imbalance": 8.19521,"skewness": -0.217746,"loads": [0.012523, 0.0108147, 0.0130244, 0.0117895],"slopes":[1.37086e-05, 3.18325e-05, 1.69658e-05, 1.21951e-05]}
[19-02-20 13:55:03]: {"step":179,"load_imbalance": 7.48572,"skewness": -0.249363,"loads": [0.0128869, 0.0108864, 0.0130851, 0.0118369],"slopes":[1.28604e-05, 3.12083e-05, 1.46135e-05, 1.09196e-05]}
[19-02-20 13:55:03]: {"step":180,"load_imbalance": 8.02814,"skewness": -0.197257,"loads": [0.0126194, 0.0109666, 0.0131275, 0.0118942],"slopes":[6.09528e-06, 2.97349e-05, 1.12819e-05, 8.91208e-06]}
[19-02-20 13:55:03]: {"step":181,"load_imbalance": 7.9848,"skewness": -0.193402,"loads": [0.0125734, 0.0109241, 0.0130638, 0.01183],"slopes":[3.35199e-06, 2.78355e-05, 7.7172e-06, 6.08202e-06]}
[19-02-20 13:55:03]: {"step":182,"load_imbalance": 7.97292,"skewness": -0.176041,"loads": [0.0125372, 0.0109266, 0.0130384, 0.0118004],"slopes":[-4.15319e-06, 2.52079e-05, 3.05257e-06, 2.63054e-06]}
[19-02-20 13:55:03]: {"step":183,"load_imbalance": 7.83738,"skewness": -0.171178,"loads": [0.0126347, 0.0110352, 0.0131246, 0.0118885],"slopes":[-6.56268e-06, 2.3689e-05, 2.2636e-07, 3.51574e-07]}
[19-02-20 13:55:03]: {"step":184,"load_imbalance": 7.84879,"skewness": -0.164429,"loads": [0.0125494, 0.0109635, 0.0130353, 0.0117983],"slopes":[-1.00222e-05, 2.07012e-05, -4.36264e-06, -3.29768e-06]}
[19-02-20 13:55:04]: {"step":185,"load_imbalance": 7.35869,"skewness": -0.190953,"loads": [0.0128946, 0.0110779, 0.0131526, 0.0118794],"slopes":[-1.21179e-05, 1.86133e-05, -7.50294e-06, -5.98897e-06]}
[19-02-20 13:55:04]: {"step":186,"load_imbalance": 7.8034,"skewness": -0.13977,"loads": [0.0125222, 0.0109982, 0.0130282, 0.011792],"slopes":[-1.32003e-05, 1.60946e-05, -1.0177e-05, -8.13963e-06]}
[19-02-20 13:55:04]: {"step":187,"load_imbalance": 7.15593,"skewness": -0.18394,"loads": [0.0128263, 0.0110367, 0.0130484, 0.0117967],"slopes":[-1.16973e-05, 1.51059e-05, -1.2676e-05, -9.89293e-06]}
[19-02-20 13:55:04]: {"step":188,"load_imbalance": 7.58987,"skewness": -0.127035,"loads": [0.0126192, 0.0111426, 0.0131219, 0.0119011],"slopes":[-1.75055e-05, 1.31406e-05, -1.59285e-05, -1.18647e-05]}
[19-02-20 13:55:04]: {"step":189,"load_imbalance": 7.54248,"skewness": -0.112585,"loads": [0.0125683, 0.0110915, 0.0130388, 0.0117987],"slopes":[-1.93936e-05, 1.05138e-05, -1.98998e-05, -1.53198e-05]}
[19-02-20 13:55:04]: {"step":190,"load_imbalance": 7.42728,"skewness": -0.104099,"loads": [0.0125935, 0.0111542, 0.013068, 0.0118423],"slopes":[-2.52645e-05, 7.85133e-06, -2.4091e-05, -1.83424e-05]}
[19-02-20 13:55:04]: {"step":191,"load_imbalance": 7.38631,"skewness": -0.0860657,"loads": [0.0126771, 0.011266, 0.0131646, 0.0119289],"slopes":[-1.79847e-05, 1.63559e-05, -1.64221e-05, -1.0292e-05]}
[19-02-20 13:55:04]: {"step":192,"load_imbalance": 7.45714,"skewness": -0.0649298,"loads": [0.012551, 0.0111805, 0.0130576, 0.0118169],"slopes":[-1.96136e-05, 1.42326e-05, -1.76348e-05, -1.29522e-05]}
[19-02-20 13:55:04]: {"step":193,"load_imbalance": 6.74328,"skewness": -0.127188,"loads": [0.0128777, 0.0112053, 0.013061, 0.0117996],"slopes":[-1.23428e-05, 1.95454e-05, -1.32743e-05, -8.12173e-06]}
[19-02-20 13:55:04]: {"step":194,"load_imbalance": 8.15519,"skewness": 0.114834,"loads": [0.0128292, 0.0115926, 0.013502, 0.0120118],"slopes":[-2.08997e-06, 2.41272e-05, -4.07258e-06, -3.82365e-06]}
[19-02-20 13:55:04]: {"step":195,"load_imbalance": 120.204,"skewness": 0.74438,"loads": [0.0100408, 0.0110613, 0.0373631, 0.0094049],"slopes":[0, 0, 0, 0]}
[19-02-20 13:55:05]: {"step":196,"load_imbalance": 121.736,"skewness": 0.744525,"loads": [0.010078, 0.0110515, 0.0379437, 0.00937512],"slopes":[3.72408e-05, -9.7882e-06, 0.000580581, -2.97711e-05]}
[19-02-20 13:55:05]: {"step":197,"load_imbalance": 120.204,"skewness": 0.744315,"loads": [0.0100419, 0.0110428, 0.0373066, 0.00937595],"slopes":[5.68805e-07, -9.25851e-06, -2.82764e-05, -1.44714e-05]}
[19-02-20 13:55:05]: {"step":198,"load_imbalance": 121.347,"skewness": 0.744467,"loads": [0.0100414, 0.0110613, 0.0377809, 0.00939106],"slopes":[-3.43095e-06, -8.62684e-07, 6.16294e-05, -4.06676e-06]}
[19-02-20 13:55:05]: {"step":199,"load_imbalance": 120.241,"skewness": 0.744317,"loads": [0.010033, 0.0110587, 0.0373499, 0.00939322],"slopes":[-5.23319e-06, 4.65801e-07, -1.89135e-05, -7.41286e-07]}
[19-02-20 13:55:05]: {"step":200,"load_imbalance": 121.257,"skewness": 0.744639,"loads": [0.0101605, 0.0110603, 0.0379068, 0.00940232],"slopes":[1.32208e-05, 1.00913e-06, 4.03303e-05, 1.61547e-06]}
[19-02-20 13:55:05]: {"step":201,"load_imbalance": 120.309,"skewness": 0.744507,"loads": [0.0100473, 0.0110551, 0.0374148, 0.00941424],"slopes":[6.26579e-06, 5.33515e-07, 4.44825e-06, 3.56103e-06]}
[19-02-20 13:55:05]: {"step":202,"load_imbalance": 119.924,"skewness": 0.744611,"loads": [0.010312, 0.0110661, 0.0376218, 0.00942696],"slopes":[2.49076e-05, 1.21227e-06, 6.38202e-06, 5.13465e-06]}
[19-02-20 13:55:05]: {"step":203,"load_imbalance": 119.849,"skewness": 0.744412,"loads": [0.0100695, 0.0110859, 0.0373349, 0.00943775],"slopes":[1.57781e-05, 2.76733e-06, -1.22725e-05, 6.2463e-06]}
[19-02-20 13:55:05]: {"step":204,"load_imbalance": 119.477,"skewness": 0.744635,"loads": [0.0103686, 0.0110909, 0.0375933, 0.00946162],"slopes":[2.65833e-05, 3.68069e-06, -7.00272e-06, 7.77349e-06]}
[19-02-20 13:55:06]: {"step":205,"load_imbalance": 119.664,"skewness": 0.74458,"loads": [0.0101056, 0.0110931, 0.0373551, 0.0094684],"slopes":[1.93152e-05, 4.10986e-06, -1.46392e-05, 8.56126e-06]}
[19-02-20 13:55:06]: {"step":206,"load_imbalance": 117.148,"skewness": 0.744202,"loads": [0.0105832, 0.0114687, 0.0377968, 0.00977524],"slopes":[3.27487e-05, 1.86479e-05, -1.49118e-06, 2.04879e-05]}
[19-02-20 13:55:06]: {"step":207,"load_imbalance": 119.72,"skewness": 0.744645,"loads": [0.0101203, 0.0110924, 0.0374, 0.00947401],"slopes":[2.45274e-05, 1.44121e-05, -6.57633e-06, 1.70902e-05]}
[19-02-20 13:55:06]: {"step":208,"load_imbalance": 118.525,"skewness": 0.743738,"loads": [0.0103519, 0.0113406, 0.0376568, 0.00957978],"slopes":[2.52765e-05, 1.84307e-05, -2.2476e-06, 1.74884e-05]}
[19-02-20 13:55:06]: {"step":209,"load_imbalance": 119.481,"skewness": 0.744747,"loads": [0.0101296, 0.0110948, 0.037351, 0.00949608],"slopes":[1.95722e-05, 1.44371e-05, -7.02386e-06, 1.52175e-05]}
[19-02-20 13:55:06]: {"step":210,"load_imbalance": 118.388,"skewness": 0.744817,"loads": [0.0103119, 0.0111749, 0.0373643, 0.00958554],"slopes":[1.93454e-05, 1.32126e-05, -9.77031e-06, 1.53357e-05]}
[19-02-20 13:55:06]: {"step":211,"load_imbalance": 119.367,"skewness": 0.744843,"loads": [0.010147, 0.0110993, 0.0373578, 0.00951529],"slopes":[1.55773e-05, 1.06306e-05, -1.1592e-05, 1.37387e-05]}
[19-02-20 13:55:06]: {"step":212,"load_imbalance": 118.484,"skewness": 0.744832,"loads": [0.0103057, 0.0111874, 0.0374233, 0.00959805],"slopes":[1.54437e-05, 1.01778e-05, -1.15184e-05, 1.38288e-05]}
[19-02-20 13:55:06]: {"step":213,"load_imbalance": 119.19,"skewness": 0.744941,"loads": [0.0101672, 0.0111129, 0.0373682, 0.00954505],"slopes":[1.29183e-05, 8.51624e-06, -1.2154e-05, 1.28381e-05]}
[19-02-20 13:55:07]: {"step":214,"load_imbalance": 118.566,"skewness": 0.744923,"loads": [0.0102302, 0.0111765, 0.0373645, 0.0096099],"slopes":[1.17934e-05, 8.09256e-06, -1.24957e-05, 1.28593e-05]}
[19-02-20 13:55:07]: {"step":215,"load_imbalance": 126.462,"skewness": 0.749959,"loads": [0.0101621, 0.0101532, 0.0399424, 0.0102926],"slopes":[0, 0, 0, 0]}
[19-02-20 13:55:07]: {"step":216,"load_imbalance": 127.948,"skewness": 0.749961,"loads": [0.0100619, 0.0100536, 0.0401517, 0.0101904],"slopes":[-0.000100192, -9.95295e-05, 0.000209226, -0.000102246]}
[19-02-20 13:55:07]: {"step":217,"load_imbalance": 127.164,"skewness": 0.749955,"loads": [0.0100086, 0.00998015, 0.0395892, 0.0101323],"slopes":[-7.67531e-05, -8.65005e-05, -0.000176622, -8.01769e-05]}
[19-02-20 13:55:07]: {"step":218,"load_imbalance": 128.457,"skewness": 0.749954,"loads": [0.00998451, 0.00997077, 0.0400545, 0.0101208],"slopes":[-5.86085e-05, -6.20611e-05, -2.2631e-05, -5.73712e-05]}
[19-02-20 13:55:07]: {"step":219,"load_imbalance": 127.396,"skewness": 0.749944,"loads": [0.0099904, 0.00997446, 0.039659, 0.010138],"slopes":[-4.20805e-05, -4.40227e-05, -6.64118e-05, -3.78928e-05]}
[19-02-20 13:55:07]: {"step":220,"load_imbalance": 128.411,"skewness": 0.74994,"loads": [0.00999269, 0.00996858, 0.0400745, 0.010144],"slopes":[-3.1019e-05, -3.34203e-05, -1.00694e-05, -2.60583e-05]}
[19-02-20 13:55:07]: {"step":221,"load_imbalance": 127.763,"skewness": 0.749941,"loads": [0.0100271, 0.0100111, 0.0399612, 0.0101808],"slopes":[-2.00636e-05, -2.14925e-05, -1.01211e-06, -1.50895e-05]}
[19-02-20 13:55:07]: {"step":222,"load_imbalance": 120.755,"skewness": 0.749948,"loads": [0.0111467, 0.0111215, 0.0413252, 0.0112864],"slopes":[7.94778e-05, 7.77995e-05, 0.000116515, 8.28717e-05]}
[19-02-20 13:55:08]: {"step":223,"load_imbalance": 126.566,"skewness": 0.749694,"loads": [0.0100306, 0.0100165, 0.0397613, 0.0103899],"slopes":[4.62218e-05, 4.52801e-05, 5.9333e-05, 6.32941e-05]}
[19-02-20 13:55:08]: {"step":224,"load_imbalance": 126.263,"skewness": 0.749938,"loads": [0.0101673, 0.0101296, 0.0398619, 0.0103111],"slopes":[3.42317e-05, 3.24251e-05, 3.24756e-05, 4.55735e-05]}
[19-02-20 13:55:08]: {"step":225,"load_imbalance": 127.695,"skewness": 0.74993,"loads": [0.00998776, 0.0099789, 0.0398101, 0.010159],"slopes":[1.79725e-05, 1.70896e-05, 1.39956e-05, 2.69262e-05]}
[19-02-20 13:55:08]: {"step":226,"load_imbalance": 126.522,"skewness": 0.749924,"loads": [0.0101193, 0.0100729, 0.0397817, 0.0102739],"slopes":[1.29598e-05, 1.11995e-05, 1.70255e-06, 1.95501e-05]}
[19-02-20 13:55:08]: {"step":227,"load_imbalance": 126.672,"skewness": 0.749927,"loads": [0.0101001, 0.0100577, 0.039771, 0.0102536],"slopes":[8.8706e-06, 6.76981e-06, -6.13692e-06, 1.37786e-05]}
[19-02-20 13:55:08]: {"step":228,"load_imbalance": 127.564,"skewness": 0.74972,"loads": [0.0100093, 0.00998718, 0.0400514, 0.0103524],"slopes":[3.4537e-06, 1.77703e-06, -2.87876e-06, 1.25787e-05]}
[19-02-20 13:55:08]: {"step":229,"load_imbalance": 127.547,"skewness": 0.749924,"loads": [0.00999621, 0.00997584, 0.0397696, 0.0101686],"slopes":[-4.82247e-07, -1.79613e-06, -7.73396e-06, 6.88991e-06]}
[19-02-20 13:55:08]: {"step":230,"load_imbalance": 128.207,"skewness": 0.749925,"loads": [0.0100124, 0.00999308, 0.0401066, 0.0101864],"slopes":[-2.74732e-06, -3.767e-06, -3.37766e-06, 3.32478e-06]}
[19-02-20 13:55:09]: {"step":231,"load_imbalance": 126.556,"skewness": 0.749917,"loads": [0.0101272, 0.010101, 0.0398812, 0.0103037],"slopes":[-1.99777e-06, -2.93001e-06, -4.74217e-06, 3.1127e-06]}
[19-02-20 13:55:09]: {"step":232,"load_imbalance": 125.19,"skewness": 0.749928,"loads": [0.0103813, 0.010255, 0.040056, 0.0104583],"slopes":[3.02152e-06, 4.11472e-07, -2.54843e-06, 5.62181e-06]}
[19-02-20 13:55:09]: {"step":233,"load_imbalance": 126.604,"skewness": 0.749721,"loads": [0.010062, 0.0100339, 0.0398513, 0.0103981],"slopes":[1.52516e-06, -6.94539e-07, -4.17059e-06, 6.3779e-06]}
[19-02-20 13:55:09]: {"step":234,"load_imbalance": 128.045,"skewness": 0.749911,"loads": [0.01002, 0.00999395, 0.0400772, 0.0102057],"slopes":[-1.87359e-07, -2.06146e-06, -2.06641e-06, 4.08967e-06]}
[19-02-20 13:55:09]: {"step":235,"load_imbalance": 127.662,"skewness": 0.749903,"loads": [0.010009, 0.00997951, 0.0398805, 0.0102008],"slopes":[-1.09022e-06, -2.68636e-06, -3.98663e-06, 2.63697e-06]}
[19-02-20 13:55:09]: {"step":236,"load_imbalance": 126.823,"skewness": 0.749899,"loads": [0.0101084, 0.0100735, 0.039925, 0.0103005],"slopes":[-1.92452e-06, -3.27838e-06, -1.87391e-06, 1.13309e-06]}
[19-02-20 13:55:09]: {"step":237,"load_imbalance": 125.635,"skewness": 0.74989,"loads": [0.0102731, 0.0102396, 0.0400993, 0.0104752],"slopes":[-1.31748e-06, -2.68779e-06, -5.8111e-06, 1.04069e-06]}
[19-02-20 13:55:09]: {"step":238,"load_imbalance": 126.072,"skewness": 0.74973,"loads": [0.0103324, 0.0100267, 0.0399819, 0.0104008],"slopes":[-6.41112e-07, -5.67677e-06, -4.84527e-06, -8.11272e-07]}
[19-02-20 13:55:09]: {"step":239,"load_imbalance": 129.297,"skewness": 0.749896,"loads": [0.01003, 0.00999209, 0.0406349, 0.0102292],"slopes":[-4.7143e-06, -9.18651e-06, -6.86917e-07, -5.26467e-06]}
[19-02-20 13:55:10]: {"step":240,"load_imbalance": 126.12,"skewness": 0.749898,"loads": [0.0102128, 0.0101781, 0.0400496, 0.010406],"slopes":[-6.19987e-06, -1.01584e-05, 2.03306e-07, -7.23368e-06]}
[19-02-20 13:55:10]: {"step":241,"load_imbalance": 128.373,"skewness": 0.749896,"loads": [0.0100279, 0.00998803, 0.0402371, 0.0102229],"slopes":[-1.01161e-05, -1.34886e-05, 2.01897e-06, -1.16302e-05]}
[19-02-20 13:55:10]: {"step":242,"load_imbalance": 126.635,"skewness": 0.749895,"loads": [0.0101512, 0.0101145, 0.0400188, 0.0103466],"slopes":[5.40767e-06, 2.5554e-06, 2.18397e-05, 3.13348e-06]}
[19-02-20 13:55:10]: {"step":243,"load_imbalance": 12.1663,"skewness": 0.749361,"loads": [0.0138031, 0.0118218, 0.0118153, 0.0117834],"slopes":[0, 0, 0, 0]}
[19-02-20 13:55:10]: {"step":244,"load_imbalance": 11.4919,"skewness": 0.749692,"loads": [0.0138353, 0.0119449, 0.0119187, 0.011938],"slopes":[3.22051e-05, 0.000123103, 0.00010336, 0.000154634]}
[19-02-20 13:55:10]: {"step":245,"load_imbalance": 12.3262,"skewness": 0.743072,"loads": [0.0137512, 0.0117855, 0.011771, 0.011661],"slopes":[-2.59681e-05, -1.81512e-05, -2.21834e-05, -6.12065e-05]}
[19-02-20 13:55:10]: {"step":246,"load_imbalance": 13.8844,"skewness": 0.745993,"loads": [0.0141289, 0.0118748, 0.0118572, 0.0117646],"slopes":[8.93387e-05, -5.78351e-08, -2.21562e-06, -3.33291e-05]}
[19-02-20 13:55:10]: {"step":247,"load_imbalance": 14.1083,"skewness": 0.749778,"loads": [0.0141961, 0.0118504, 0.0118451, 0.011872],"slopes":[0.000107973, -1.29282e-06, -1.90316e-07, 3.88967e-07]}
[19-02-20 13:55:10]: {"step":248,"load_imbalance": 13.2389,"skewness": 0.74637,"loads": [0.013921, 0.0117893, 0.0117735, 0.0116902],"slopes":[5.8572e-05, -1.01986e-05, -9.82104e-06, -1.60033e-05]}
[19-02-20 13:55:10]: {"step":249,"load_imbalance": 14.9537,"skewness": 0.74521,"loads": [0.0142175, 0.0117996, 0.011783, 0.0116719],"slopes":[6.64146e-05, -1.118e-05, -1.11896e-05, -2.2106e-05]}
[19-02-20 13:55:11]: {"step":250,"load_imbalance": 14.6421,"skewness": 0.749811,"loads": [0.014231, 0.0118078, 0.0117938, 0.0118211],"slopes":[6.52769e-05, -9.97128e-06, -9.92332e-06, -1.03779e-05]}
[19-02-20 13:55:11]: {"step":251,"load_imbalance": 14.0797,"skewness": 0.744539,"loads": [0.0140688, 0.0117995, 0.0117879, 0.0116736],"slopes":[4.95817e-05, -9.29698e-06, -9.06825e-06, -1.40427e-05]}
[19-02-20 13:55:11]: {"step":252,"load_imbalance": 15.3301,"skewness": 0.745312,"loads": [0.0142755, 0.0117954, 0.0117762, 0.0116649],"slopes":[5.0162e-05, -8.67153e-06, -8.77658e-06, -1.56203e-05]}
[19-02-20 13:55:11]: {"step":253,"load_imbalance": 14.2451,"skewness": 0.749478,"loads": [0.0142852, 0.0119077, 0.0118895, 0.0119336],"slopes":[4.86376e-05, -2.83386e-06, -3.06681e-06, -3.55382e-06]}
[19-02-20 13:55:11]: {"step":254,"load_imbalance": 14.9852,"skewness": 0.745607,"loads": [0.0145536, 0.0120662, 0.0120618, 0.011946],"slopes":[5.62094e-05, 6.74087e-06, 6.97377e-06, 4.02073e-06]}
[19-02-20 13:55:11]: {"step":255,"load_imbalance": 15.562,"skewness": 0.745558,"loads": [0.0143069, 0.0117858, 0.0117703, 0.0116582],"slopes":[5.08004e-05, 3.0617e-06, 3.19982e-06, -1.02379e-06]}
[19-02-20 13:55:11]: {"step":256,"load_imbalance": 15.8249,"skewness": 0.749294,"loads": [0.0155572, 0.0127479, 0.0126888, 0.0127327],"slopes":[8.16714e-05, 2.81499e-05, 2.69788e-05, 2.65364e-05]}
[19-02-20 13:55:11]: {"step":257,"load_imbalance": 15.8679,"skewness": 0.745684,"loads": [0.0143568, 0.011783, 0.011768, 0.0116548],"slopes":[6.96861e-05, 1.9631e-05, 1.87418e-05, 1.68403e-05]}
[19-02-20 13:55:11]: {"step":258,"load_imbalance": 16.1068,"skewness": 0.745928,"loads": [0.0143918, 0.011777, 0.011762, 0.0116505],"slopes":[6.09023e-05, 1.33653e-05, 1.2685e-05, 9.88565e-06]}
[19-02-20 13:55:11]: {"step":259,"load_imbalance": 17.3528,"skewness": 0.74989,"loads": [0.01472, 0.0118078, 0.0118141, 0.0118317],"slopes":[6.01156e-05, 9.40731e-06, 9.30074e-06, 8.47231e-06]}
[19-02-20 13:55:11]: {"step":260,"load_imbalance": 16.8338,"skewness": 0.74657,"loads": [0.0145287, 0.0117825, 0.0117691, 0.0116612],"slopes":[5.51524e-05, 6.02122e-06, 5.97289e-06, 4.33972e-06]}
[19-02-20 13:55:11]: {"step":261,"load_imbalance": 18.7485,"skewness": 0.747163,"loads": [0.0148562, 0.0117765, 0.0117586, 0.0116511],"slopes":[5.58988e-05, 3.40823e-06, 3.33024e-06, 1.15463e-06]}
[19-02-20 13:55:12]: {"step":262,"load_imbalance": 18.1776,"skewness": 0.736856,"loads": [0.0148574, 0.011959, 0.0117991, 0.0116728],"slopes":[5.56616e-05, 4.06269e-06, 1.93677e-06, -8.73543e-07]}
[19-02-20 13:55:12]: {"step":263,"load_imbalance": 106.421,"skewness": 0.749917,"loads": [0.0111081, 0.011216, 0.0110355, 0.0355727],"slopes":[0, 0, 0, 0]}
[19-02-20 13:55:12]: {"step":264,"load_imbalance": 107.279,"skewness": 0.749776,"loads": [0.0111206, 0.01108, 0.0108436, 0.0355403],"slopes":[1.24299e-05, -0.000136067, -0.000191852, -3.23965e-05]}
[19-02-20 13:55:12]: {"step":265,"load_imbalance": 107.292,"skewness": 0.749804,"loads": [0.0111001, 0.0110591, 0.0108397, 0.0354962],"slopes":[-3.99863e-06, -7.84884e-05, -9.78808e-05, -3.8242e-05]}
[19-02-20 13:55:12]: {"step":266,"load_imbalance": 106.906,"skewness": 0.749843,"loads": [0.0111977, 0.0111935, 0.0109775, 0.0357555],"slopes":[2.48295e-05, -8.85213e-06, -1.77948e-05, 5.04466e-05]}
[19-02-20 13:55:12]: {"step":267,"load_imbalance": 107.329,"skewness": 0.749848,"loads": [0.0110925, 0.0110698, 0.0108684, 0.0355436],"slopes":[4.58881e-06, -1.7905e-05, -2.00367e-05, 1.57134e-05]}
[19-02-20 13:55:12]: {"step":268,"load_imbalance": 106.663,"skewness": 0.74968,"loads": [0.0112644, 0.0110959, 0.010907, 0.0355602],"slopes":[2.27091e-05, -1.41967e-05, -1.22982e-05, 5.9087e-06]}
[19-02-20 13:55:12]: {"step":269,"load_imbalance": 107.059,"skewness": 0.749892,"loads": [0.0111001, 0.0110849, 0.0109129, 0.0355199],"slopes":[9.14221e-06, -1.25326e-05, -7.57992e-06, -2.5396e-06]}
[19-02-20 13:55:12]: {"step":270,"load_imbalance": 107.488,"skewness": 0.749893,"loads": [0.0111245, 0.0111115, 0.010938, 0.0357547],"slopes":[4.76466e-06, -8.57638e-06, -2.89554e-06, 1.37162e-05]}
[19-02-20 13:55:13]: {"step":271,"load_imbalance": 107.405,"skewness": 0.749906,"loads": [0.0111414, 0.0111056, 0.0109574, 0.0357579],"slopes":[3.52774e-06, -6.55462e-06, 7.81892e-07, 2.05988e-05]}
[19-02-20 13:55:13]: {"step":272,"load_imbalance": 107.394,"skewness": 0.749902,"loads": [0.0111292, 0.0110863, 0.0109394, 0.0357007],"slopes":[2.04222e-06, -6.21883e-06, 1.62974e-06, 1.98595e-05]}
[19-02-20 13:55:13]: {"step":273,"load_imbalance": 107.178,"skewness": 0.749933,"loads": [0.0111024, 0.0110933, 0.0109564, 0.0356203],"slopes":[-8.15542e-08, -5.43554e-06, 2.78954e-06, 1.49017e-05]}
[19-02-20 13:55:13]: {"step":274,"load_imbalance": 106.116,"skewness": 0.749823,"loads": [0.0114357, 0.0113001, 0.0111669, 0.0360417],"slopes":[1.15158e-05, 3.1812e-06, 1.14476e-05, 2.76735e-05]}
[19-02-20 13:55:13]: {"step":275,"load_imbalance": 107.366,"skewness": 0.749949,"loads": [0.0110941, 0.0111029, 0.0109742, 0.0357078],"slopes":[6.88314e-06, 1.78186e-06, 9.94859e-06, 2.34748e-05]}
[19-02-20 13:55:13]: {"step":276,"load_imbalance": 102.845,"skewness": 0.749947,"loads": [0.0117914, 0.0117483, 0.0116492, 0.0362043],"slopes":[2.3698e-05, 1.92905e-05, 2.80081e-05, 3.43508e-05]}
[19-02-20 13:55:13]: {"step":277,"load_imbalance": 106.811,"skewness": 0.74996,"loads": [0.0111157, 0.0111154, 0.011006, 0.0355806],"slopes":[1.7143e-05, 1.43673e-05, 2.29662e-05, 2.49675e-05]}
[19-02-20 13:55:13]: {"step":278,"load_imbalance": 106.482,"skewness": 0.749916,"loads": [0.0115514, 0.0114574, 0.0113625, 0.036674],"slopes":[2.19889e-05, 1.83007e-05, 2.69519e-05, 4.22569e-05]}
[19-02-20 13:55:13]: {"step":279,"load_imbalance": 106.503,"skewness": 0.74997,"loads": [0.0111667, 0.0111376, 0.0110613, 0.0356082],"slopes":[1.73421e-05, 1.437e-05, 2.32517e-05, 3.23956e-05]}
[19-02-20 13:55:14]: {"step":280,"load_imbalance": 107.521,"skewness": 0.749984,"loads": [0.0111746, 0.0111849, 0.0111093, 0.0360842],"slopes":[1.3914e-05, 1.21889e-05, 2.10895e-05, 3.32594e-05]}
[19-02-20 13:55:14]: {"step":281,"load_imbalance": 104.561,"skewness": 0.749982,"loads": [0.0114924, 0.0115023, 0.011424, 0.036025],"slopes":[1.62586e-05, 1.54468e-05, 2.41772e-05, 3.24172e-05]}
[19-02-20 13:55:14]: {"step":282,"load_imbalance": 108.139,"skewness": 0.74999,"loads": [0.0111015, 0.0111168, 0.0110538, 0.0360949],"slopes":[1.21507e-05, 1.20929e-05, 2.07927e-05, 3.23396e-05]}
[19-02-20 13:55:14]: {"step":283,"load_imbalance": 4.50204,"skewness": -0.699963,"loads": [0.0135792, 0.0117388, 0.0133832, 0.0132756],"slopes":[0, 0, 0, 0]}
[19-02-20 13:55:14]: {"step":284,"load_imbalance": 5.65999,"skewness": -0.608342,"loads": [0.0137945, 0.011754, 0.0134043, 0.0132695],"slopes":[0.00021533, 1.52062e-05, 2.11229e-05, -6.10016e-06]}
[19-02-20 13:55:14]: {"step":285,"load_imbalance": 5.45871,"skewness": -0.624036,"loads": [0.0137747, 0.0117688, 0.0134253, 0.0132779],"slopes":[9.77451e-05, 1.50285e-05, 2.1056e-05, 1.16043e-06]}
[19-02-20 13:55:14]: {"step":286,"load_imbalance": 3.90202,"skewness": -0.709338,"loads": [0.0140193, 0.0122388, 0.0139621, 0.013751],"slopes":[0.000130049, 0.000151491, 0.000175792, 0.000143455]}
[19-02-20 13:55:14]: {"step":287,"load_imbalance": 4.10075,"skewness": -0.713471,"loads": [0.0135406, 0.0117638, 0.0134444, 0.0132801],"slopes":[1.47625e-05, 5.34829e-05, 6.80279e-05, 4.9046e-05]}
[19-02-20 13:55:14]: {"step":288,"load_imbalance": 5.23454,"skewness": -0.637514,"loads": [0.0137619, 0.011779, 0.0134952, 0.0132734],"slopes":[1.13357e-05, 2.0014e-05, 3.47854e-05, 1.41179e-05]}
[19-02-20 13:55:14]: {"step":289,"load_imbalance": 5.16353,"skewness": -0.657415,"loads": [0.0138038, 0.0118024, 0.0135395, 0.0133585],"slopes":[1.33833e-05, 8.42109e-06, 2.3928e-05, 9.24599e-06]}
[19-02-20 13:55:14]: {"step":290,"load_imbalance": 8.10308,"skewness": -0.353353,"loads": [0.0135889, 0.0118432, 0.0143448, 0.0133012],"slopes":[-4.78727e-06, 6.29438e-06, 8.45162e-05, 1.66747e-06]}
[19-02-20 13:55:15]: {"step":291,"load_imbalance": 4.045,"skewness": -0.703054,"loads": [0.0135339, 0.011798, 0.0135797, 0.0132956],"slopes":[-1.66159e-05, 1.86623e-06, 5.61558e-05, -2.35244e-06]}
[19-02-20 13:55:15]: {"step":292,"load_imbalance": 4.12372,"skewness": -0.707656,"loads": [0.0135649, 0.0117926, 0.0136179, 0.013339],"slopes":[-2.00382e-05, -7.85418e-07, 4.0737e-05, -1.9043e-06]}
[19-02-20 13:55:15]: {"step":293,"load_imbalance": 4.36437,"skewness": -0.679627,"loads": [0.0135401, 0.0118165, 0.0136376, 0.013275],"slopes":[-2.21215e-05, -1.10575e-06, 3.13711e-05, -4.48094e-06]}
[19-02-20 13:55:15]: {"step":294,"load_imbalance": 4.22496,"skewness": -0.693244,"loads": [0.01361, 0.0119018, 0.0137048, 0.0133804],"slopes":[-1.97839e-05, 2.0314e-06, 2.73443e-05, -1.74374e-06]}
[19-02-20 13:55:15]: {"step":295,"load_imbalance": 4.19206,"skewness": -0.678955,"loads": [0.0145274, 0.0126885, 0.014595, 0.0142202],"slopes":[1.25248e-05, 2.97959e-05, 5.33569e-05, 2.76571e-05]}
[19-02-20 13:55:15]: {"step":296,"load_imbalance": 4.4969,"skewness": -0.673085,"loads": [0.0135346, 0.0118168, 0.0136587, 0.0132734],"slopes":[4.10848e-06, 2.14905e-05, 4.143e-05, 1.82956e-05]}
[19-02-20 13:55:15]: {"step":297,"load_imbalance": 4.62651,"skewness": -0.68542,"loads": [0.0135937, 0.0118897, 0.0137799, 0.0134187],"slopes":[1.43108e-08, 1.7378e-05, 3.56717e-05, 1.53857e-05]}
[19-02-20 13:55:15]: {"step":298,"load_imbalance": 6.22693,"skewness": -0.53921,"loads": [0.0136101, 0.0119075, 0.0140641, 0.0133772],"slopes":[-2.36582e-06, 1.46338e-05, 3.73029e-05, 1.21829e-05]}
[19-02-20 13:55:15]: {"step":299,"load_imbalance": 4.78438,"skewness": -0.657882,"loads": [0.0136048, 0.0119136, 0.0138049, 0.0133749],"slopes":[-4.05505e-06, 1.25842e-05, 3.26074e-05, 9.70116e-06]}
[19-02-20 13:55:15]: {"step":300,"load_imbalance": 4.83865,"skewness": -0.650199,"loads": [0.0137263, 0.0120351, 0.013943, 0.0134934],"slopes":[-3.03914e-06, 1.30566e-05, 3.11626e-05, 9.86908e-06]}
[19-02-20 13:55:15]: {"step":301,"load_imbalance": 5.39422,"skewness": -0.595838,"loads": [0.0138886, 0.0121663, 0.0141892, 0.0136078],"slopes":[2.99727e-07, 1.52605e-05, 3.35248e-05, 1.16391e-05]}
[19-02-20 13:55:15]: {"step":302,"load_imbalance": 6.89472,"skewness": -0.482324,"loads": [0.013571, 0.0118376, 0.0141234, 0.0133178],"slopes":[-1.80879e-06, 1.19516e-05, 3.38267e-05, 8.61884e-06]}
[19-02-20 13:55:16]: {"step":303,"load_imbalance": 6.78358,"skewness": -0.520134,"loads": [0.01439, 0.0123018, 0.0147862, 0.0139094],"slopes":[5.88789e-06, 1.47655e-05, 4.17887e-05, 1.36899e-05]}
[19-02-20 13:55:16]: {"step":304,"load_imbalance": 5.23416,"skewness": -0.569208,"loads": [0.0136121, 0.0120702, 0.0139427, 0.013372],"slopes":[4.65104e-06, 1.3665e-05, 3.59257e-05, 1.00346e-05]}
[19-02-20 13:55:16]: {"step":305,"load_imbalance": 5.70474,"skewness": -0.578665,"loads": [0.0135267, 0.0118391, 0.0138778, 0.0132718],"slopes":[2.1559e-06, 9.02077e-06, 2.86566e-05, 4.92645e-06]}
[19-02-20 13:55:16]: {"step":306,"load_imbalance": 5.97927,"skewness": -0.543198,"loads": [0.0135247, 0.011862, 0.0139332, 0.0132684],"slopes":[3.86704e-06, 1.20197e-05, 2.99749e-05, 7.24862e-06]}
[19-02-20 13:55:16]: {"step":307,"load_imbalance": 5.64469,"skewness": -0.506377,"loads": [0.0135686, 0.0120659, 0.0139804, 0.0133187],"slopes":[-6.08271e-07, 1.09966e-05, 2.38359e-05, 3.58025e-06]}
[19-02-20 13:55:16]: {"step":308,"load_imbalance": 5.78252,"skewness": -0.497255,"loads": [0.0135292, 0.0120267, 0.013967, 0.0132912],"slopes":[-2.19396e-06, 9.19951e-06, 1.75029e-05, -6.44259e-07]}
[19-02-20 13:55:16]: {"step":309,"load_imbalance": 7.38052,"skewness": -0.312473,"loads": [0.0136018, 0.0120687, 0.0143117, 0.01333],"slopes":[-1.73168e-06, 7.99927e-06, 1.60839e-05, -2.99746e-06]}
[19-02-20 13:55:16]: {"step":310,"load_imbalance": 6.32152,"skewness": -0.513145,"loads": [0.0135236, 0.0118563, 0.0139934, 0.0132723],"slopes":[-5.47609e-06, 4.01051e-06, 2.16709e-05, -7.03759e-06]}
[19-02-20 13:55:16]: {"step":311,"load_imbalance": 6.63402,"skewness": -0.46664,"loads": [0.0138111, 0.0122474, 0.0144643, 0.0137349],"slopes":[-5.88323e-06, 4.87428e-06, 2.2434e-05, -4.51446e-06]}
[19-02-20 13:55:16]: {"step":312,"load_imbalance": 8.28496,"skewness": -0.209611,"loads": [0.0135481, 0.0120265, 0.0144254, 0.0132868],"slopes":[-9.97391e-06, 1.82092e-06, 2.19144e-05, -8.36804e-06]}
[19-02-20 13:55:16]: {"step":313,"load_imbalance": 6.58487,"skewness": -0.464349,"loads": [0.0137928, 0.0121474, 0.0143447, 0.0135491],"slopes":[-1.09354e-05, 5.21334e-07, 1.93391e-05, -9.40665e-06]}
[19-02-20 13:55:16]: {"step":314,"load_imbalance": 6.8805,"skewness": -0.445969,"loads": [0.0136947, 0.012037, 0.0142896, 0.0134574],"slopes":[-1.25757e-05, -1.50547e-06, 1.5973e-05, -1.05036e-05]}
[19-02-20 13:55:17]: {"step":315,"load_imbalance": 7.02058,"skewness": -0.426667,"loads": [0.013563, 0.0119136, 0.0141656, 0.0133033],"slopes":[-1.73874e-06, 6.92179e-06, 2.40131e-05, -6.57055e-07]}
[19-02-20 13:55:17]: {"step":316,"load_imbalance": 8.54913,"skewness": -0.264898,"loads": [0.01352, 0.0118754, 0.0144001, 0.0132683],"slopes":[-5.74183e-06, 2.20516e-06, 2.12634e-05, -4.88025e-06]}
[19-02-20 13:55:17]: {"step":317,"load_imbalance": 7.21177,"skewness": -0.46466,"loads": [0.0135353, 0.0118961, 0.0142539, 0.013495],"slopes":[-8.57065e-06, -1.15182e-06, 1.72239e-05, -3.56372e-06]}
[19-02-20 13:55:17]: {"step":318,"load_imbalance": 7.45961,"skewness": -0.369384,"loads": [0.01361, 0.0119788, 0.0143072, 0.0133599],"slopes":[-9.98675e-06, -3.05701e-06, 1.77214e-05, -4.94711e-06]}
[19-02-20 13:55:17]: {"step":319,"load_imbalance": 7.46381,"skewness": -0.309848,"loads": [0.0140358, 0.0123429, 0.0146842, 0.0135944],"slopes":[-5.40285e-06, 2.28149e-07, 1.91459e-05, -2.99119e-06]}
[19-02-20 13:55:17]: {"step":320,"load_imbalance": 7.78629,"skewness": -0.346386,"loads": [0.0135424, 0.0118888, 0.0142788, 0.0132792],"slopes":[-6.59898e-06, -1.70005e-06, 1.56364e-05, -3.9967e-06]}
[19-02-20 13:55:17]: {"step":321,"load_imbalance": 8.05136,"skewness": -0.312974,"loads": [0.013558, 0.011905, 0.0143404, 0.0132839],"slopes":[-4.73135e-06, -1.10546e-06, 1.63906e-05, -2.80708e-06]}
[19-02-20 13:55:17]: {"step":322,"load_imbalance": 11.0788,"skewness": -0.0121853,"loads": [0.0136479, 0.0119885, 0.0149928, 0.0133605],"slopes":[-6.09666e-06, -4.11629e-06, 2.51982e-05, -4.61579e-06]}
[19-02-20 13:55:17]: {"step":323,"load_imbalance": 8.28228,"skewness": -0.28036,"loads": [0.0136857, 0.0120275, 0.0145196, 0.0134035],"slopes":[5.89311e-06, 5.32886e-07, 3.6404e-05, 3.46727e-06]}
[19-02-20 13:55:17]: {"step":324,"load_imbalance": 8.63034,"skewness": -0.246005,"loads": [0.0135354, 0.0118971, 0.0144282, 0.0132669],"slopes":[4.51176e-06, 7.57764e-08, 3.33868e-05, 1.87471e-06]}
[19-02-20 13:55:17]: {"step":325,"load_imbalance": 9.53137,"skewness": -0.159643,"loads": [0.0135669, 0.0119024, 0.0146081, 0.0132702],"slopes":[2.34787e-06, -3.69427e-06, 3.11848e-05, -1.09534e-06]}
[19-02-20 13:55:17]: {"step":326,"load_imbalance": 10.1544,"skewness": -0.0893506,"loads": [0.0135827, 0.0119574, 0.0147748, 0.0133363],"slopes":[3.17378e-07, -6.41194e-06, 3.11401e-05, -3.17183e-06]}
[19-02-20 13:55:18]: {"step":327,"load_imbalance": 9.07067,"skewness": -0.154658,"loads": [0.0140157, 0.0123903, 0.0150482, 0.0137327],"slopes":[5.07906e-06, 1.28936e-07, 3.44807e-05, 1.10755e-06]}
[19-02-20 13:55:18]: {"step":328,"load_imbalance": 9.45754,"skewness": -0.148311,"loads": [0.0135514, 0.0119388, 0.0146125, 0.0132969],"slopes":[1.91381e-06, -8.8669e-07, 2.97802e-05, -1.89666e-06]}
[19-02-20 13:55:18]: {"step":329,"load_imbalance": 10.0502,"skewness": -0.128628,"loads": [0.0135609, 0.0118838, 0.0147051, 0.0132989],"slopes":[-3.55968e-09, -1.89235e-06, 3.08758e-05, -4.26671e-06]}
[19-02-20 13:55:18]: {"step":330,"load_imbalance": 11.4543,"skewness": 0.0255452,"loads": [0.0135692, 0.0119557, 0.0150127, 0.0133417],"slopes":[-2.97614e-06, -4.94557e-06, 3.07473e-05, -6.89081e-06]}
[19-02-20 13:55:18]: {"step":331,"load_imbalance": 78.8173,"skewness": 0.548879,"loads": [0.00891881, 0.0157293, 0.0116756, 0.0293663],"slopes":[0, 0, 0, 0]}
[19-02-20 13:55:18]: {"step":332,"load_imbalance": 78.2803,"skewness": 0.547282,"loads": [0.00896659, 0.015779, 0.0117626, 0.0293555],"slopes":[4.77815e-05, 4.96684e-05, 8.70158e-05, -1.07591e-05]}
[19-02-20 13:55:18]: {"step":333,"load_imbalance": 78.2525,"skewness": 0.546403,"loads": [0.00892746, 0.0157301, 0.0117251, 0.0292464],"slopes":[4.32529e-06, 4.04892e-07, 2.47532e-05, -5.99588e-05]}
[19-02-20 13:55:18]: {"step":334,"load_imbalance": 79.0213,"skewness": 0.552427,"loads": [0.00894885, 0.0157332, 0.0117596, 0.0295225],"slopes":[5.09815e-06, -3.72902e-06, 2.14469e-05, 3.59274e-05]}
[19-02-20 13:55:18]: {"step":335,"load_imbalance": 78.0625,"skewness": 0.545401,"loads": [0.00895138, 0.0157756, 0.0117929, 0.0293003],"slopes":[4.73927e-06, 4.67519e-06, 2.31605e-05, 3.48436e-06]}
[19-02-20 13:55:18]: {"step":336,"load_imbalance": 80.2264,"skewness": 0.558771,"loads": [0.00899544, 0.0158344, 0.0118446, 0.030075],"slopes":[1.02544e-05, 1.48008e-05, 2.77202e-05, 0.000104393]}
[19-02-20 13:55:19]: {"step":337,"load_imbalance": 77.9344,"skewness": 0.549549,"loads": [0.00908013, 0.0159018, 0.0120958, 0.0297092],"slopes":[2.01987e-05, 2.40513e-05, 5.32898e-05, 9.00529e-05]}
[19-02-20 13:55:19]: {"step":338,"load_imbalance": 76.875,"skewness": 0.542861,"loads": [0.00901152, 0.0158083, 0.0121858, 0.029335],"slopes":[1.6942e-05, 1.81137e-05, 6.70083e-05, 4.53916e-05]}
[19-02-20 13:55:19]: {"step":339,"load_imbalance": 77.0699,"skewness": 0.546169,"loads": [0.00901664, 0.0157626, 0.0121668, 0.0293456],"slopes":[1.46338e-05, 1.10877e-05, 6.76712e-05, 2.22296e-05]}
[19-02-20 13:55:19]: {"step":340,"load_imbalance": 77.3114,"skewness": 0.542819,"loads": [0.0089982, 0.0158283, 0.0119716, 0.0292997],"slopes":[1.16549e-05, 1.04883e-05, 5.36719e-05, 6.72313e-06]}
[19-02-20 13:55:19]: {"step":341,"load_imbalance": 77.4095,"skewness": 0.547796,"loads": [0.00902212, 0.0157511, 0.0119248, 0.0292491],"slopes":[1.05871e-05, 6.17844e-06, 4.14681e-05, -4.34169e-06]}
[19-02-20 13:55:19]: {"step":342,"load_imbalance": 76.652,"skewness": 0.544447,"loads": [0.0090242, 0.0157569, 0.0122053, 0.0292535],"slopes":[9.64402e-06, 3.6747e-06, 4.3622e-05, -1.03888e-05]}
[19-02-20 13:55:19]: {"step":343,"load_imbalance": 77.5367,"skewness": 0.523479,"loads": [0.00903656, 0.0164446, 0.012236, 0.0301002],"slopes":[9.16367e-06, 2.47138e-05, 4.44979e-05, 1.42109e-05]}
[19-02-20 13:55:19]: {"step":344,"load_imbalance": 76.3936,"skewness": 0.544701,"loads": [0.00904854, 0.0157553, 0.0122672, 0.0292438],"slopes":[8.94218e-06, 1.75388e-05, 4.46694e-05, 4.7999e-06]}
[19-02-20 13:55:19]: {"step":345,"load_imbalance": 76.5663,"skewness": 0.543346,"loads": [0.00905249, 0.0158273, 0.0123328, 0.0294069],"slopes":[8.6734e-06, 1.42351e-05, 4.53047e-05, 2.64008e-06]}
[19-02-20 13:55:19]: {"step":346,"load_imbalance": 78.2641,"skewness": 0.558063,"loads": [0.00917431, 0.0159179, 0.012401, 0.0301426],"slopes":[1.09893e-05, 1.371e-05, 4.62337e-05, 1.73649e-05]}
[19-02-20 13:55:20]: {"step":347,"load_imbalance": 75.5584,"skewness": 0.545116,"loads": [0.009343, 0.0160989, 0.0123772, 0.0295821],"slopes":[1.56709e-05, 1.66291e-05, 4.54985e-05, 1.61405e-05]}
[19-02-20 13:55:20]: {"step":348,"load_imbalance": 76.1102,"skewness": 0.547342,"loads": [0.00915222, 0.0158155, 0.0122759, 0.0292956],"slopes":[1.53342e-05, 1.34142e-05, 4.24068e-05, 9.97099e-06]}
[19-02-20 13:55:20]: {"step":349,"load_imbalance": 76.4506,"skewness": 0.547959,"loads": [0.00910049, 0.01576, 0.0121809, 0.0292372],"slopes":[1.40343e-05, 1.0024e-05, 3.8024e-05, 4.47569e-06]}
[19-02-20 13:55:20]: {"step":350,"load_imbalance": 75.8513,"skewness": 0.545558,"loads": [0.0092121, 0.0159194, 0.0123155, 0.0293783],"slopes":[1.44813e-05, 9.68855e-06, 3.62107e-05, 2.42317e-06]}
[19-02-20 13:55:20]: {"step":351,"load_imbalance": 97.2858,"skewness": 0.74995,"loads": [0.0117557, 0.0118416, 0.0118843, 0.0345316],"slopes":[0, 0, 0, 0]}
[19-02-20 13:55:20]: {"step":352,"load_imbalance": 95.0917,"skewness": 0.749722,"loads": [0.0119905, 0.0119795, 0.0122495, 0.0344844],"slopes":[0.000234802, 0.000137814, 0.000365181, -4.72218e-05]}
[19-02-20 13:55:20]: {"step":353,"load_imbalance": 96.2503,"skewness": 0.749925,"loads": [0.0118472, 0.0119412, 0.0120062, 0.034477],"slopes":[4.57175e-05, 4.97827e-05, 6.09066e-05, -2.72682e-05]}
[19-02-20 13:55:20]: {"step":354,"load_imbalance": 95.0324,"skewness": 0.749917,"loads": [0.0121008, 0.0122001, 0.0122684, 0.0347968],"slopes":[8.9192e-05, 0.000103722, 9.08954e-05, 7.88393e-05]}
[19-02-20 13:55:20]: {"step":355,"load_imbalance": 96.35,"skewness": 0.749612,"loads": [0.0119481, 0.0118699, 0.0122189, 0.0347451],"slopes":[4.94997e-05, 2.77176e-05, 6.88088e-05, 7.39592e-05]}
[19-02-20 13:55:21]: {"step":356,"load_imbalance": 95.8198,"skewness": 0.749813,"loads": [0.0120504, 0.0122976, 0.0122284, 0.0350787],"slopes":[4.57018e-05, 6.31375e-05, 5.40191e-05, 0.000109646]}
[19-02-20 13:55:21]: {"step":357,"load_imbalance": 96.8375,"skewness": 0.749907,"loads": [0.01179, 0.0118714, 0.0119684, 0.0345206],"slopes":[1.15541e-05, 2.33604e-05, 1.50946e-05, 5.08471e-05]}
[19-02-20 13:55:21]: {"step":358,"load_imbalance": 97.3565,"skewness": 0.749589,"loads": [0.0119221, 0.011855, 0.0122144, 0.0350525],"slopes":[7.37223e-06, 3.47128e-06, 1.81202e-05, 6.64368e-05]}
[19-02-20 13:55:21]: {"step":359,"load_imbalance": 95.8171,"skewness": 0.749853,"loads": [0.0119548, 0.0120415, 0.0121773, 0.0346916],"slopes":[7.10843e-06, 6.39417e-06, 1.58524e-05, 4.52225e-05]}
[19-02-20 13:55:21]: {"step":360,"load_imbalance": 97.7482,"skewness": 0.749876,"loads": [0.0117622, 0.011846, 0.0119698, 0.0347857],"slopes":[-3.92212e-06, -3.12988e-06, 2.51002e-06, 3.70902e-05]}
[19-02-20 13:55:21]: {"step":361,"load_imbalance": 96.483,"skewness": 0.749609,"loads": [0.0117996, 0.0118696, 0.0121457, 0.0345771],"slopes":[-8.05858e-06, -7.108e-06, 3.11712e-06, 2.14879e-05]}
[19-02-20 13:55:21]: {"step":362,"load_imbalance": 96.4668,"skewness": 0.749858,"loads": [0.0118644, 0.0119512, 0.0120835, 0.0346527],"slopes":[-7.64409e-06, -5.99224e-06, 9.53829e-07, 1.45671e-05]}
[19-02-20 13:55:21]: {"step":363,"load_imbalance": 97.2346,"skewness": 0.74985,"loads": [0.0117628, 0.011853, 0.0119887, 0.0346333],"slopes":[-1.04912e-05, -8.35766e-06, -3.51019e-06, 9.26494e-06]}
[19-02-20 13:55:21]: {"step":364,"load_imbalance": 99.4195,"skewness": 0.749863,"loads": [0.0117913, 0.0118531, 0.0120096, 0.0354477],"slopes":[-1.11649e-05, -9.60236e-06, -5.61767e-06, 2.89359e-05]}
[19-02-20 13:55:21]: {"step":365,"load_imbalance": 93.9499,"skewness": 0.74983,"loads": [0.0124426, 0.0125296, 0.0126833, 0.0354442],"slopes":[4.95765e-06, 6.7393e-06, 9.99523e-06, 4.091e-05]}
[19-02-20 13:55:22]: {"step":366,"load_imbalance": 97.2469,"skewness": 0.749813,"loads": [0.0117686, 0.0118594, 0.01202, 0.03468],"slopes":[7.68286e-07, 2.74298e-06, 5.59023e-06, 3.1162e-05]}
[19-02-20 13:55:22]: {"step":367,"load_imbalance": 97.1215,"skewness": 0.749812,"loads": [0.0117979, 0.0118782, 0.0120478, 0.0347102],"slopes":[-1.54666e-06, 3.14329e-07, 3.00214e-06, 2.44535e-05]}
[19-02-20 13:55:22]: {"step":368,"load_imbalance": 96.7675,"skewness": 0.749675,"loads": [0.0118403, 0.0119051, 0.0121579, 0.0347612],"slopes":[-2.40101e-06, -9.23574e-07, 3.06518e-06, 2.02116e-05]}
[19-02-20 13:55:22]: {"step":369,"load_imbalance": 97.9622,"skewness": 0.749793,"loads": [0.0117719, 0.0118584, 0.012038, 0.0349488],"slopes":[-4.0536e-06, -2.53296e-06, 1.16759e-06, 1.98176e-05]}
[19-02-20 13:55:22]: {"step":370,"load_imbalance": 97.6495,"skewness": 0.749786,"loads": [0.01177, 0.0118535, 0.012038, 0.034833],"slopes":[-5.22776e-06, -3.73862e-06, -2.30744e-07, 1.75943e-05]}
[19-02-20 13:55:22]: {"step":371,"load_imbalance": 65.6525,"skewness": 0.749238,"loads": [0.0108305, 0.0232558, 0.0109619, 0.0111074],"slopes":[0, 0, 0, 0]}
[19-02-20 13:55:22]: {"step":372,"load_imbalance": 66.8364,"skewness": 0.749278,"loads": [0.0108281, 0.0235439, 0.0109718, 0.011104],"slopes":[-2.40235e-06, 0.000288104, 9.95817e-06, -3.38024e-06]}
[19-02-20 13:55:22]: {"step":373,"load_imbalance": 61.1429,"skewness": 0.749481,"loads": [0.0119079, 0.0241825, 0.0118601, 0.012077],"slopes":[0.000538693, 0.000463384, 0.000449124, 0.000484815]}
[19-02-20 13:55:22]: {"step":374,"load_imbalance": 63.7689,"skewness": 0.748371,"loads": [0.0112437, 0.0238545, 0.0116391, 0.0115264],"slopes":[0.000231936, 0.000243477, 0.000291998, 0.000223019]}
[19-02-20 13:55:22]: {"step":375,"load_imbalance": 66.3373,"skewness": 0.749014,"loads": [0.0108262, 0.0235149, 0.0111, 0.0111064],"slopes":[4.07057e-05, 8.28849e-05, 9.4348e-05, 4.20442e-05]}
[19-02-20 13:55:23]: {"step":376,"load_imbalance": 66.6066,"skewness": 0.749262,"loads": [0.0108291, 0.0234785, 0.0109547, 0.0111065],"slopes":[-1.93398e-05, 1.99667e-05, 3.64586e-06, -1.56559e-05]}
[19-02-20 13:55:23]: {"step":377,"load_imbalance": 66.1487,"skewness": 0.749223,"loads": [0.0109564, 0.023645, 0.011082, 0.0112416],"slopes":[-2.50702e-05, 1.31977e-05, -1.55036e-05, -2.011e-05]}
[19-02-20 13:55:23]: {"step":378,"load_imbalance": 66.2566,"skewness": 0.749026,"loads": [0.0108885, 0.0236275, 0.0111678, 0.011162],"slopes":[-3.10223e-05, 7.81575e-06, -1.50375e-05, -2.69223e-05]}
[19-02-20 13:55:23]: {"step":379,"load_imbalance": 67.2803,"skewness": 0.749257,"loads": [0.0108291, 0.023688, 0.0110212, 0.0111043],"slopes":[-3.56954e-05, 8.8187e-06, -2.35885e-05, -3.21502e-05]}
[19-02-20 13:55:23]: {"step":380,"load_imbalance": 67.246,"skewness": 0.74896,"loads": [0.0111608, 0.0242782, 0.0111659, 0.011461],"slopes":[-1.80355e-05, 4.10386e-05, -1.8766e-05, -1.36064e-05]}
[19-02-20 13:55:23]: {"step":381,"load_imbalance": 67.9673,"skewness": 0.749276,"loads": [0.0108295, 0.0238166, 0.0109596, 0.0111116],"slopes":[-2.26415e-05, 3.57683e-05, -2.46607e-05, -1.87513e-05]}
[19-02-20 13:55:23]: {"step":382,"load_imbalance": 67.1969,"skewness": 0.749181,"loads": [0.0109292, 0.0239193, 0.0111823, 0.0111935],"slopes":[-2.05932e-05, 3.53021e-05, -1.8545e-05, -1.78503e-05]}
[19-02-20 13:55:23]: {"step":383,"load_imbalance": 67.7042,"skewness": 0.749017,"loads": [0.0108692, 0.0239525, 0.0111599, 0.0111487],"slopes":[-2.06544e-05, 3.49484e-05, -1.4978e-05, -1.81929e-05]}
[19-02-20 13:55:23]: {"step":384,"load_imbalance": 68.9221,"skewness": 0.749392,"loads": [0.0108423, 0.0240562, 0.0109602, 0.0111054],"slopes":[-2.08724e-05, 3.66927e-05, -1.80129e-05, -1.91255e-05]}
[19-02-20 13:55:23]: {"step":385,"load_imbalance": 67.0367,"skewness": 0.740488,"loads": [0.0108556, 0.0241383, 0.0109933, 0.0118163],"slopes":[-2.01594e-05, 3.89603e-05, -1.87066e-05, -1.48079e-06]}
[19-02-20 13:55:24]: {"step":386,"load_imbalance": 67.7886,"skewness": 0.749386,"loads": [0.0111002, 0.024339, 0.0112188, 0.0113651],"slopes":[-1.38422e-05, 4.40466e-05, -1.37844e-05, 4.04193e-07]}
[19-02-20 13:55:24]: {"step":387,"load_imbalance": 70.4034,"skewness": 0.749326,"loads": [0.0109366, 0.024721, 0.011179, 0.0111927],"slopes":[-1.24416e-05, 5.41632e-05, -1.09165e-05, -1.68967e-06]}
[19-02-20 13:55:24]: {"step":388,"load_imbalance": 69.3563,"skewness": 0.749188,"loads": [0.0108295, 0.0242455, 0.0110834, 0.0111067],"slopes":[-1.31201e-05, 5.19698e-05, -1.03906e-05, -4.63934e-06]}
[19-02-20 13:55:24]: {"step":389,"load_imbalance": 70.1938,"skewness": 0.749327,"loads": [0.0108181, 0.0243473, 0.0109554, 0.0111017],"slopes":[-1.35792e-05, 5.11861e-05, -1.18703e-05, -6.75615e-06]}
[19-02-20 13:55:24]: {"step":390,"load_imbalance": 70.2666,"skewness": 0.749374,"loads": [0.0108312, 0.0243764, 0.0109538, 0.011105],"slopes":[-1.35315e-05, 5.03004e-05, -1.28015e-05, -8.15481e-06]}
[19-02-20 13:55:24]: {"step":391,"load_imbalance": 75.4333,"skewness": 0.696469,"loads": [0.013091, 0.014695, 0.0113354, 0.030562],"slopes":[0, 0, 0, 0]}
[19-02-20 13:55:24]: {"step":392,"load_imbalance": 76.3962,"skewness": 0.695285,"loads": [0.0128986, 0.0145996, 0.0111774, 0.0305103],"slopes":[-0.00019236, -9.54592e-05, -0.00015803, -5.16418e-05]}
[19-02-20 13:55:24]: {"step":393,"load_imbalance": 75.8635,"skewness": 0.701567,"loads": [0.0128864, 0.0145083, 0.0113196, 0.0303762],"slopes":[-0.000102307, -9.33735e-05, -7.92649e-06, -9.28841e-05]}
[19-02-20 13:55:24]: {"step":394,"load_imbalance": 75.4482,"skewness": 0.701568,"loads": [0.0129536, 0.0145786, 0.0113955, 0.0304152],"slopes":[-4.24551e-05, -4.40524e-05, 3.22451e-05, -5.74415e-05]}
[19-02-20 13:55:24]: {"step":395,"load_imbalance": 77.2184,"skewness": 0.708821,"loads": [0.013043, 0.0145751, 0.0115376, 0.0311476],"slopes":[-4.1082e-06, -2.60747e-05, 6.22437e-05, 0.000107611]}
[19-02-20 13:55:25]: {"step":396,"load_imbalance": 71.4282,"skewness": 0.695497,"loads": [0.0140763, 0.0154941, 0.0121528, 0.0312923],"slopes":[0.000155054, 0.000114072, 0.000149807, 0.000160068]}
[19-02-20 13:55:25]: {"step":397,"load_imbalance": 74.9703,"skewness": 0.699839,"loads": [0.013221, 0.0148425, 0.0115729, 0.0308191],"slopes":[0.000103645, 8.20844e-05, 0.000102904, 0.000110948]}
[19-02-20 13:55:25]: {"step":398,"load_imbalance": 76.9318,"skewness": 0.702273,"loads": [0.0130251, 0.0146336, 0.0113843, 0.0309679],"slopes":[5.72608e-05, 4.45122e-05, 5.90651e-05, 9.36394e-05]}
[19-02-20 13:55:25]: {"step":399,"load_imbalance": 76.1666,"skewness": 0.701961,"loads": [0.0129199, 0.0145288, 0.0113319, 0.030522],"slopes":[2.47847e-05, 1.70195e-05, 3.1179e-05, 4.95938e-05]}
[19-02-20 13:55:25]: {"step":400,"load_imbalance": 76.0197,"skewness": 0.700381,"loads": [0.0129047, 0.0145142, 0.0112799, 0.0304122],"slopes":[6.06959e-06, 1.29751e-06, 1.24442e-05, 1.8478e-05]}
[19-02-20 13:55:25]: {"step":401,"load_imbalance": 75.766,"skewness": 0.701741,"loads": [0.0129932, 0.0145698, 0.0113769, 0.0305231],"slopes":[-3.93323e-07, -4.80627e-06, 6.06714e-06, 5.70268e-06]}
[19-02-20 13:55:25]: {"step":402,"load_imbalance": 76.0142,"skewness": 0.700017,"loads": [0.0129265, 0.0145687, 0.0113121, 0.0304958],"slopes":[-6.66996e-06, -8.18619e-06, -3.37181e-07, -2.93401e-06]}
[19-02-20 13:55:25]: {"step":403,"load_imbalance": 75.6985,"skewness": 0.703334,"loads": [0.0129446, 0.0145376, 0.0114046, 0.0304606],"slopes":[-9.64735e-06, -1.09842e-05, -1.14592e-06, -9.21885e-06]}
[19-02-20 13:55:25]: {"step":404,"load_imbalance": 74.0894,"skewness": 0.676196,"loads": [0.0139178, 0.01554, 0.0115256, 0.0315823],"slopes":[1.65629e-05, 1.62111e-05, 1.83455e-06, 1.91434e-05]}
[19-02-20 13:55:25]: {"step":405,"load_imbalance": 75.6128,"skewness": 0.703655,"loads": [0.0130518, 0.0146082, 0.0114735, 0.0306271],"slopes":[1.15337e-05, 1.01878e-05, 2.42265e-06, 1.32198e-05]}
[19-02-20 13:55:26]: {"step":406,"load_imbalance": 75.1777,"skewness": 0.70367,"loads": [0.013124, 0.0146798, 0.0115518, 0.0306652],"slopes":[9.5075e-06, 7.51172e-06, 4.49082e-06, 9.80467e-06]}
[19-02-20 13:55:26]: {"step":407,"load_imbalance": 71.1531,"skewness": 0.704469,"loads": [0.0141741, 0.0157148, 0.012603, 0.0317794],"slopes":[2.85213e-05, 2.58223e-05, 2.64337e-05, 2.91161e-05]}
[19-02-20 13:55:26]: {"step":408,"load_imbalance": 76.2487,"skewness": 0.704056,"loads": [0.0129688, 0.0145112, 0.0113783, 0.0306086],"slopes":[2.02184e-05, 1.7102e-05, 1.98826e-05, 2.16168e-05]}
[19-02-20 13:55:26]: {"step":409,"load_imbalance": 78.3813,"skewness": 0.708082,"loads": [0.0129677, 0.0144985, 0.0113961, 0.0312803],"slopes":[1.3939e-05, 1.03902e-05, 1.51598e-05, 2.65136e-05]}
[19-02-20 13:55:26]: {"step":410,"load_imbalance": 76.4329,"skewness": 0.705529,"loads": [0.0129837, 0.0145071, 0.0114127, 0.0307016],"slopes":[9.39272e-06, 5.47472e-06, 1.17402e-05, 2.14343e-05]}
[19-02-20 13:55:26]: {"step":411,"load_imbalance": 4.48274,"skewness": -0.161524,"loads": [0.0154393, 0.0138529, 0.014415, 0.0154003],"slopes":[0, 0, 0, 0]}
[19-02-20 13:55:26]: {"step":412,"load_imbalance": 4.45881,"skewness": -0.211497,"loads": [0.0151134, 0.0135413, 0.0141714, 0.015047],"slopes":[-0.000325883, -0.000311544, -0.000243614, -0.000353313]}
[19-02-20 13:55:26]: {"step":413,"load_imbalance": 4.25868,"skewness": -0.33859,"loads": [0.0151771, 0.0135916, 0.0143896, 0.0150704],"slopes":[-0.000131082, -0.000130654, -1.2724e-05, -0.000164937]}
[19-02-20 13:55:26]: {"step":414,"load_imbalance": 4.71409,"skewness": -0.202004,"loads": [0.0151051, 0.0134966, 0.0141263, 0.0149723],"slopes":[-9.38877e-05, -0.000101854, -6.48175e-05, -0.000126048]}
[19-02-20 13:55:26]: {"step":415,"load_imbalance": 4.62182,"skewness": -0.22192,"loads": [0.0152268, 0.0136263, 0.0142813, 0.015082],"slopes":[-4.3334e-05, -4.97845e-05, -3.12585e-05, -7.11228e-05]}
[19-02-20 13:55:27]: {"step":416,"load_imbalance": 5.15086,"skewness": -0.181564,"loads": [0.0152353, 0.0135066, 0.0141539, 0.0150602],"slopes":[-2.14854e-05, -4.49006e-05, -3.54166e-05, -4.8392e-05]}
[19-02-20 13:55:27]: {"step":417,"load_imbalance": 4.45469,"skewness": -0.554559,"loads": [0.0153474, 0.013512, 0.0147409, 0.0151713],"slopes":[6.38172e-07, -3.77596e-05, 2.97889e-05, -2.31794e-05]}
[19-02-20 13:55:27]: {"step":418,"load_imbalance": 4.67898,"skewness": -0.243377,"loads": [0.0152381, 0.0136049, 0.0143033, 0.0150817],"slopes":[6.94828e-07, -2.38969e-05, 1.80112e-05, -1.82092e-05]}
[19-02-20 13:55:27]: {"step":419,"load_imbalance": 4.67361,"skewness": -0.263724,"loads": [0.0154666, 0.0137862, 0.0145322, 0.015319],"slopes":[1.59053e-05, -3.74676e-06, 2.6575e-05, 1.14548e-06]}
[19-02-20 13:55:27]: {"step":420,"load_imbalance": 4.58387,"skewness": -0.290956,"loads": [0.015183, 0.0135599, 0.0143167, 0.0150106],"slopes":[7.31308e-06, -5.63038e-06, 1.77307e-05, -5.88941e-06]}
[19-02-20 13:55:27]: {"step":421,"load_imbalance": 4.61778,"skewness": -0.301221,"loads": [0.0151492, 0.01351, 0.0142874, 0.0149755],"slopes":[7.57788e-07, -8.66762e-06, 1.07663e-05, -1.10517e-05]}
[19-02-20 13:55:27]: {"step":422,"load_imbalance": 4.21215,"skewness": -0.53077,"loads": [0.0152376, 0.0135704, 0.0146556, 0.0150233],"slopes":[3.47771e-07, -7.76409e-06, 2.04988e-05, -1.17674e-05]}
[19-02-20 13:55:27]: {"step":423,"load_imbalance": 4.3219,"skewness": -0.436715,"loads": [0.0154781, 0.013817, 0.0147751, 0.0152773],"slopes":[8.01612e-06, 1.16744e-06, 2.96434e-05, -3.43882e-06]}
[19-02-20 13:55:27]: {"step":424,"load_imbalance": 3.77855,"skewness": -0.476557,"loads": [0.0153357, 0.0137658, 0.0147532, 0.0153641],"slopes":[8.5395e-06, 5.28588e-06, 3.39182e-05, 4.37587e-06]}
[19-02-20 13:55:27]: {"step":425,"load_imbalance": 4.54166,"skewness": -0.388162,"loads": [0.0153465, 0.0136736, 0.0145803, 0.0151186],"slopes":[8.93432e-06, 5.52479e-06, 3.15279e-05, 3.20888e-06]}
[19-02-20 13:55:27]: {"step":426,"load_imbalance": 4.71228,"skewness": -0.362194,"loads": [0.0152158, 0.0135213, 0.014408, 0.014979],"slopes":[6.11817e-06, 2.20414e-06, 2.54318e-05, -7.2414e-07]}
[19-02-20 13:55:28]: {"step":427,"load_imbalance": 4.26212,"skewness": -0.570665,"loads": [0.0153184, 0.0136102, 0.0147898, 0.0150504],"slopes":[6.07886e-06, 1.62476e-06, 2.82363e-05, -2.00723e-06]}
[19-02-20 13:55:28]: {"step":428,"load_imbalance": 4.73106,"skewness": -0.376022,"loads": [0.0154662, 0.0137411, 0.014666, 0.015197],"slopes":[8.53733e-06, 3.48554e-06, 2.75356e-05, -3.01725e-07]}
[19-02-20 13:55:28]: {"step":429,"load_imbalance": 6.91299,"skewness": -0.298504,"loads": [0.0160045, 0.0135569, 0.014739, 0.0155782],"slopes":[1.86615e-05, 1.85425e-06, 2.7753e-05, 6.94281e-06]}
[19-02-20 13:55:28]: {"step":430,"load_imbalance": 5.51927,"skewness": -0.304228,"loads": [0.0154168, 0.0135432, 0.0144899, 0.0149917],"slopes":[1.7375e-05, 4.44214e-07, 2.39552e-05, 3.74356e-06]}
[19-02-20 13:55:28]: {"step":431,"load_imbalance": 4.84782,"skewness": -0.387391,"loads": [0.0152782, 0.013526, 0.0144805, 0.0150026],"slopes":[1.85097e-05, 2.79611e-06, 2.29738e-05, 5.93524e-06]}
[19-02-20 13:55:28]: {"step":432,"load_imbalance": 5.17854,"skewness": -0.480266,"loads": [0.0154925, 0.0135825, 0.0148201, 0.0150237],"slopes":[1.78015e-05, 1.52706e-06, 2.28989e-05, 3.44866e-06]}
[19-02-20 13:55:28]: {"step":433,"load_imbalance": 4.8621,"skewness": -0.407302,"loads": [0.0155635, 0.013781, 0.0147899, 0.015233],"slopes":[1.85443e-05, 3.82627e-06, 2.48628e-05, 4.35715e-06]}
[19-02-20 13:55:28]: {"step":434,"load_imbalance": 5.25429,"skewness": -0.479167,"loads": [0.0154577, 0.0135279, 0.0147795, 0.0149791],"slopes":[1.60575e-05, 7.25714e-07, 2.19182e-05, -1.55382e-07]}
[19-02-20 13:55:28]: {"step":435,"load_imbalance": 5.73427,"skewness": -0.315151,"loads": [0.0154707, 0.0135279, 0.0145481, 0.01498],"slopes":[1.51473e-05, -3.74594e-07, 1.71335e-05, -2.9329e-06]}
[19-02-20 13:55:28]: {"step":436,"load_imbalance": 5.00704,"skewness": -0.424813,"loads": [0.0153282, 0.013515, 0.0145697, 0.0149764],"slopes":[1.19689e-05, -3.4021e-06, 1.02429e-05, -5.9536e-06]}
[19-02-20 13:55:28]: {"step":437,"load_imbalance": 5.21379,"skewness": -0.505643,"loads": [0.0156076, 0.01365, 0.0149847, 0.0150943],"slopes":[1.44127e-05, -4.42714e-06, 1.79254e-05, -5.40927e-06]}
[19-02-20 13:55:28]: {"step":438,"load_imbalance": 5.09547,"skewness": -0.414274,"loads": [0.0153642, 0.0135369, 0.0145952, 0.0149809],"slopes":[1.12635e-05, -5.80914e-06, 1.27681e-05, -7.78358e-06]}
[19-02-20 13:55:29]: {"step":439,"load_imbalance": 5.90101,"skewness": -0.310233,"loads": [0.0155923, 0.0135972, 0.0146637, 0.0150407],"slopes":[1.479e-05, -3.36428e-06, 1.17648e-05, -5.40513e-06]}
[19-02-20 13:55:29]: {"step":440,"load_imbalance": 4.91202,"skewness": -0.470751,"loads": [0.0156853, 0.0138416, 0.0149983, 0.0152783],"slopes":[1.49776e-05, -7.17298e-07, 1.19406e-05, -4.08422e-06]}
[19-02-20 13:55:29]: {"step":441,"load_imbalance": 5.54014,"skewness": -0.482427,"loads": [0.015562, 0.0135286, 0.014903, 0.0149869],"slopes":[1.21161e-05, -3.75312e-06, 9.26731e-06, -7.88224e-06]}
[19-02-20 13:55:29]: {"step":442,"load_imbalance": 5.37374,"skewness": -0.528904,"loads": [0.0156811, 0.0136169, 0.0151957, 0.015032],"slopes":[1.17312e-05, -4.60125e-06, 1.56639e-05, -1.02989e-05]}
[19-02-20 13:55:29]: {"step":443,"load_imbalance": 5.11803,"skewness": -0.444008,"loads": [0.015393, 0.0135384, 0.0146655, 0.0149773],"slopes":[1.03602e-05, -2.74734e-06, 1.55597e-05, -9.49986e-06]}
[19-02-20 13:55:29]: {"step":444,"load_imbalance": 5.80034,"skewness": -0.361729,"loads": [0.0156108, 0.0136083, 0.0147733, 0.0150275],"slopes":[9.98087e-06, -2.85094e-07, 1.68149e-05, -6.16048e-06]}
[19-02-20 13:55:29]: {"step":445,"load_imbalance": 5.18802,"skewness": -0.463355,"loads": [0.015422, 0.0135287, 0.0147185, 0.0149764],"slopes":[6.66026e-06, -1.79171e-07, 1.45279e-05, -6.92183e-06]}
[19-02-20 13:55:29]: {"step":446,"load_imbalance": 5.95857,"skewness": -0.346183,"loads": [0.0156567, 0.0136129, 0.0147862, 0.015049],"slopes":[4.5142e-06, -1.05559e-06, 1.02797e-05, -8.63696e-06]}
[19-02-20 13:55:29]: {"step":447,"load_imbalance": 4.91677,"skewness": -0.542461,"loads": [0.0157404, 0.0138235, 0.0151756, 0.0152715],"slopes":[4.52281e-06, 2.3421e-06, 1.7054e-05, -6.15008e-06]}
[19-02-20 13:55:29]: {"step":448,"load_imbalance": 5.14548,"skewness": -0.540161,"loads": [0.0159504, 0.0139293, 0.0153743, 0.0154254],"slopes":[9.23053e-06, 8.99628e-06, 2.41308e-05, 5.16909e-07]}
[19-02-20 13:55:29]: {"step":449,"load_imbalance": 5.06962,"skewness": -0.538213,"loads": [0.0155283, 0.0135901, 0.014965, 0.015033],"slopes":[1.56793e-05, 7.61297e-06, 2.54492e-05, 7.25238e-06]}
[19-02-20 13:55:30]: {"step":450,"load_imbalance": 5.53741,"skewness": -0.422957,"loads": [0.0155049, 0.0135395, 0.0147539, 0.0149673],"slopes":[1.32301e-05, 5.24211e-06, 1.94777e-05, 4.60933e-06]}
[19-02-20 13:55:30]: {"step":451,"load_imbalance": 5.09169,"skewness": -0.525378,"loads": [0.0155234, 0.0135958, 0.0149468, 0.0150192],"slopes":[8.72453e-06, 3.40915e-06, 1.57159e-05, 2.91613e-06]}
[19-02-20 13:55:30]: {"step":452,"load_imbalance": 5.42304,"skewness": -0.456338,"loads": [0.015503, 0.0135377, 0.014788, 0.0149932],"slopes":[6.94092e-06, 1.53274e-06, 1.43473e-05, 1.16098e-06]}
[19-02-20 13:55:30]: {"step":453,"load_imbalance": 5.15331,"skewness": -0.535483,"loads": [0.0155535, 0.0135868, 0.0149887, 0.0150359],"slopes":[6.98431e-06, 3.56039e-06, 1.54173e-05, 3.36626e-06]}
[19-02-20 13:55:30]: {"step":454,"load_imbalance": 6.02753,"skewness": -0.401115,"loads": [0.0159123, 0.0137658, 0.0151311, 0.0152217],"slopes":[1.04988e-05, 4.44003e-06, 1.80582e-05, 4.51215e-06]}
[19-02-20 13:55:30]: {"step":455,"load_imbalance": 5.30009,"skewness": -0.541363,"loads": [0.015559, 0.0135303, 0.0149935, 0.0150208],"slopes":[8.4882e-06, 1.59773e-06, 1.45507e-05, 2.43848e-06]}
[19-02-20 13:55:30]: {"step":456,"load_imbalance": 5.29225,"skewness": -0.520645,"loads": [0.0155628, 0.0135671, 0.0149831, 0.0150094],"slopes":[4.14945e-06, -9.26195e-07, 1.05658e-05, 8.41159e-08]}
[19-02-20 13:55:30]: {"step":457,"load_imbalance": 5.92098,"skewness": -0.351443,"loads": [0.0163431, 0.0142266, 0.0154932, 0.0156551],"slopes":[1.50146e-05, 8.02473e-06, 1.97995e-05, 8.7649e-06]}
[19-02-20 13:55:30]: {"step":458,"load_imbalance": 5.29998,"skewness": -0.515608,"loads": [0.0155856, 0.0135915, 0.0150078, 0.0150197],"slopes":[1.0111e-05, 5.24982e-06, 1.51853e-05, 5.73454e-06]}
[19-02-20 13:55:30]: {"step":459,"load_imbalance": 5.69937,"skewness": -0.429732,"loads": [0.015553, 0.0135254, 0.0148081, 0.0149711],"slopes":[8.01056e-06, 2.40089e-06, 8.17934e-06, 2.89581e-06]}
[19-02-20 13:55:30]: {"step":460,"load_imbalance": 5.21454,"skewness": -0.50674,"loads": [0.0160381, 0.0140299, 0.0154581, 0.0154468],"slopes":[1.43656e-05, 1.07261e-05, 1.55241e-05, 1.07092e-05]}
[19-02-20 13:55:31]: {"step":461,"load_imbalance": 5.23659,"skewness": -0.54912,"loads": [0.0158866, 0.0138108, 0.0154332, 0.0152536],"slopes":[1.60803e-05, 1.0696e-05, 2.03181e-05, 1.09081e-05]}
[19-02-20 13:55:31]: {"step":462,"load_imbalance": 5.91459,"skewness": -0.37722,"loads": [0.0167701, 0.0145776, 0.0159951, 0.0159915],"slopes":[3.18086e-05, 2.25908e-05, 3.69626e-05, 2.19595e-05]}
[19-02-20 13:55:31]: {"step":463,"load_imbalance": 5.50629,"skewness": -0.489523,"loads": [0.0156798, 0.0136361, 0.0150682, 0.015062],"slopes":[2.57755e-05, 1.83501e-05, 3.07918e-05, 1.74257e-05]}
[19-02-20 13:55:31]: {"step":464,"load_imbalance": 5.92363,"skewness": -0.408216,"loads": [0.0156114, 0.0135294, 0.0148417, 0.014971],"slopes":[2.17729e-05, 1.35409e-05, 2.24824e-05, 1.22585e-05]}
[19-02-20 13:55:31]: {"step":465,"load_imbalance": 5.63074,"skewness": -0.462964,"loads": [0.0157623, 0.0136981, 0.0151352, 0.0150927],"slopes":[1.69432e-05, 1.00035e-05, 1.73975e-05, 8.10586e-06]}
[19-02-20 13:55:31]: {"step":466,"load_imbalance": 6.05343,"skewness": -0.39029,"loads": [0.0156409, 0.0135335, 0.0148528, 0.0149653],"slopes":[1.35729e-05, 5.19176e-06, 8.72162e-06, 3.10544e-06]}
[19-02-20 13:55:31]: {"step":467,"load_imbalance": 5.83555,"skewness": -0.43047,"loads": [0.0164056, 0.0142232, 0.0157386, 0.0156367],"slopes":[2.24731e-05, 1.36773e-05, 1.87481e-05, 1.13355e-05]}
[19-02-20 13:55:31]: {"step":468,"load_imbalance": 6.06317,"skewness": -0.382857,"loads": [0.0158277, 0.0137015, 0.0150375, 0.0151248],"slopes":[2.54328e-05, 1.57787e-05, 2.10488e-05, 1.41351e-05]}
[19-02-20 13:55:31]: {"step":469,"load_imbalance": 6.26802,"skewness": -0.408785,"loads": [0.015763, 0.0135488, 0.0150397, 0.0149814],"slopes":[2.09881e-05, 1.06847e-05, 1.74248e-05, 9.14083e-06]}
[19-02-20 13:55:31]: {"step":470,"load_imbalance": 6.0343,"skewness": -0.428928,"loads": [0.0158312, 0.013661, 0.0151483, 0.0150804],"slopes":[1.67953e-05, 6.45761e-06, 1.1908e-05, 4.60052e-06]}
[19-02-20 13:55:31]: {"step":471,"load_imbalance": 6.32956,"skewness": -0.340924,"loads": [0.0160758, 0.0138745, 0.015221, 0.0153041],"slopes":[1.58987e-05, 5.9869e-06, 9.88055e-06, 3.90662e-06]}
[19-02-20 13:55:32]: {"step":472,"load_imbalance": 8.25383,"skewness": -0.258047,"loads": [0.0164713, 0.0136901, 0.01542, 0.0152804],"slopes":[1.94985e-05, 1.54541e-06, 7.77769e-06, 2.03468e-06]}
[19-02-20 13:55:32]: {"step":473,"load_imbalance": 6.53725,"skewness": -0.330001,"loads": [0.0157566, 0.0135438, 0.0148806, 0.014978],"slopes":[1.22291e-05, -4.43944e-06, 1.86377e-07, -3.91506e-06]}
[19-02-20 13:55:32]: {"step":474,"load_imbalance": 6.33861,"skewness": -0.392304,"loads": [0.0158434, 0.0136134, 0.015112, 0.0150272],"slopes":[1.15603e-05, -6.54087e-06, -1.68751e-06, -6.14085e-06]}
[19-02-20 13:55:32]: {"step":475,"load_imbalance": 6.78337,"skewness": -0.288199,"loads": [0.0159693, 0.0136933, 0.0150425, 0.0151143],"slopes":[7.21572e-06, -1.09898e-05, -6.69925e-06, -1.00013e-05]}
[19-02-20 13:55:32]: {"step":476,"load_imbalance": 6.69997,"skewness": -0.356075,"loads": [0.0158557, 0.0135483, 0.0150611, 0.0149752],"slopes":[6.91447e-07, -1.71744e-05, -1.16824e-05, -1.61694e-05]}
[19-02-20 13:55:32]: {"step":477,"load_imbalance": 6.51821,"skewness": -0.375185,"loads": [0.0158592, 0.0135876, 0.0151031, 0.0150049],"slopes":[6.09565e-06, -1.23563e-05, -8.12832e-06, -1.16675e-05]}
[19-02-20 13:55:32]: {"step":478,"load_imbalance": 6.94931,"skewness": -0.284645,"loads": [0.0158852, 0.0135737, 0.0149574, 0.0149958],"slopes":[6.39999e-07, -1.68031e-05, -1.37331e-05, -1.63504e-05]}
[19-02-20 13:55:32]: {"step":479,"load_imbalance": 6.9743,"skewness": -0.280568,"loads": [0.0159436, 0.0136202, 0.015015, 0.0150379],"slopes":[-4.94555e-06, -2.16021e-05, -2.15932e-05, -2.11628e-05]}
[19-02-20 13:55:32]: {"step":480,"load_imbalance": 7.01468,"skewness": -0.280213,"loads": [0.015955, 0.0136177, 0.015029, 0.0150349],"slopes":[-3.29817e-06, -1.86132e-05, -1.93008e-05, -1.86083e-05]}
[19-02-20 13:55:32]: {"step":481,"load_imbalance": 7.42732,"skewness": -0.335768,"loads": [0.0163035, 0.0137116, 0.0154511, 0.015239],"slopes":[1.06094e-06, -1.7122e-05, -1.07263e-05, -1.55684e-05]}
[19-02-20 13:55:32]: {"step":482,"load_imbalance": 6.43787,"skewness": -0.414455,"loads": [0.0163709, 0.0139497, 0.0158418, 0.0153605],"slopes":[1.97061e-05, 2.61513e-08, 1.22751e-05, 8.8039e-07]}
[19-02-20 13:55:32]: {"step":483,"load_imbalance": 8.52393,"skewness": -0.159037,"loads": [0.0163404, 0.0136112, 0.0152582, 0.015018],"slopes":[2.13014e-05, -1.58305e-06, 1.25343e-05, -1.29199e-06]}
[19-02-20 13:55:33]: {"step":484,"load_imbalance": 7.25681,"skewness": -0.218646,"loads": [0.0163082, 0.0139071, 0.0152881, 0.015316],"slopes":[2.03635e-05, -6.12539e-07, 9.35798e-06, -5.77545e-07]}
[19-02-20 13:55:33]: {"step":485,"load_imbalance": 7.83198,"skewness": -0.24591,"loads": [0.0161694, 0.0135773, 0.0152451, 0.0149881],"slopes":[1.87756e-05, -2.2588e-06, 9.53029e-06, -3.14465e-06]}
[19-02-20 13:55:33]: {"step":486,"load_imbalance": 7.85651,"skewness": -0.238019,"loads": [0.0161992, 0.0136045, 0.0152591, 0.0150142],"slopes":[1.50858e-05, -5.93202e-06, 5.27901e-06, -7.19439e-06]}
[19-02-20 13:55:33]: {"step":487,"load_imbalance": 8.14224,"skewness": -0.132936,"loads": [0.0161173, 0.0135663, 0.0149546, 0.014977],"slopes":[2.14604e-05, 6.32877e-07, 1.00534e-05, -1.2478e-06]}
[19-02-20 13:55:33]: {"step":488,"load_imbalance": 8.19967,"skewness": -0.194638,"loads": [0.0163316, 0.0136604, 0.0153159, 0.0150679],"slopes":[2.22047e-05, 1.29204e-06, 1.00976e-05, -1.0923e-06]}
[19-02-20 13:55:33]: {"step":489,"load_imbalance": 8.02218,"skewness": -0.156336,"loads": [0.0160918, 0.0135564, 0.0149577, 0.0149811],"slopes":[1.77435e-05, -1.88412e-06, 4.64081e-06, -4.35575e-06]}
[19-02-20 13:55:33]: {"step":490,"load_imbalance": 8.36289,"skewness": -0.190081,"loads": [0.016271, 0.0135652, 0.0152491, 0.0149758],"slopes":[1.64247e-05, -3.17476e-06, 5.18655e-06, -6.13135e-06]}
[19-02-20 13:55:33]: {"step":491,"load_imbalance": 7.8276,"skewness": -0.177042,"loads": [0.0164892, 0.0139283, 0.0154033, 0.0153479],"slopes":[2.14245e-05, 4.23783e-06, 8.92931e-06, 1.09887e-06]}
[19-02-20 13:55:33]: {"step":492,"load_imbalance": 8.42119,"skewness": -0.183784,"loads": [0.0163262, 0.0136002, 0.0152994, 0.0150066],"slopes":[2.97186e-05, 3.97024e-06, 1.40565e-05, 3.01291e-06]}
[19-02-20 13:55:33]: {"step":493,"load_imbalance": 7.76834,"skewness": -0.237244,"loads": [0.0164249, 0.0138231, 0.0154724, 0.0152434],"slopes":[2.83565e-05, 4.71233e-06, 1.33198e-05, 3.94555e-06]}
[19-02-20 13:55:33]: {"step":494,"load_imbalance": 8.78734,"skewness": -0.137171,"loads": [0.0163375, 0.0135562, 0.0152051, 0.0149725],"slopes":[2.61114e-05, 2.31966e-06, 1.15289e-05, 1.38793e-06]}
[19-02-20 13:55:34]: {"step":495,"load_imbalance": 8.82421,"skewness": -0.0305014,"loads": [0.016882, 0.0141135, 0.0155126, 0.0155441],"slopes":[3.28888e-05, 9.23602e-06, 1.28929e-05, 8.45353e-06]}
[19-02-20 13:55:34]: {"step":496,"load_imbalance": 9.74626,"skewness": 0.0252037,"loads": [0.0164466, 0.0135519, 0.0149791, 0.0149664],"slopes":[3.02802e-05, 5.20799e-06, 6.22195e-06, 4.42273e-06]}
[19-02-20 13:55:34]: {"step":497,"load_imbalance": 37.5188,"skewness": 0.733147,"loads": [0.0138877, 0.0145806, 0.014687, 0.0226098],"slopes":[0, 0, 0, 0]}
[19-02-20 13:55:34]: {"step":498,"load_imbalance": 35.8767,"skewness": 0.733187,"loads": [0.0143042, 0.014988, 0.0150791, 0.0228265],"slopes":[0.000416553, 0.000407404, 0.000392089, 0.000216715]}
[19-02-20 13:55:34]: {"step":499,"load_imbalance": 38.0969,"skewness": 0.735784,"loads": [0.0142973, 0.0149863, 0.0150473, 0.0233749],"slopes":[0.000204818, 0.00020289, 0.000180174, 0.000382556]}
